-- Found ament_cmake: 0.8.2 (/opt/ros/eloquent/share/ament_cmake/cmake)
-- Found PythonInterp: /usr/bin/python3 (found suitable version "3.6.9", minimum required is "3") 
-- Using PYTHON_EXECUTABLE: /usr/bin/python3
-- Found sensor_msgs: 0.8.1 (/opt/ros/eloquent/share/sensor_msgs/cmake)
-- Found rosidl_adapter: 0.8.2 (/opt/ros/eloquent/share/rosidl_adapter/cmake)
-- Found rosidl_default_generators: 0.8.0 (/opt/ros/eloquent/share/rosidl_default_generators/cmake)
-- Found PythonInterp: /usr/bin/python3 (found version "3.6.9") 
-- Using single matching rosidl_typesupport_c: rosidl_typesupport_fastrtps_c
-- Using single matching rosidl_typesupport_cpp: rosidl_typesupport_fastrtps_cpp
-- Found rmw_implementation_cmake: 0.8.1 (/opt/ros/eloquent/share/rmw_implementation_cmake/cmake)
-- Found PythonInterp: /usr/bin/python3 (found suitable version "3.6.9", minimum required is "3.5") 
-- Found python_cmake_module: 0.8.0 (/opt/ros/eloquent/share/python_cmake_module/cmake)
-- Using PYTHON_EXECUTABLE: /usr/bin/python3
-- Using PYTHON_INCLUDE_DIRS: /usr/include/python3.6m
-- Using PYTHON_LIBRARIES: /usr/lib/x86_64-linux-gnu/libpython3.6m.so
-- Found ament_lint_auto: 0.8.1 (/opt/ros/eloquent/share/ament_lint_auto/cmake)
-- Added test 'lint_cmake' to check CMake code style
-- Added test 'xmllint' to check XML markup files
-- Configuring done
-- Generating done
-- Build files have been written to: /home/oleg/Documents/Github/IcicleSpy3/device/build/iciclespy_msg
[  2%] [34m[1mGenerating C code for ROS interfaces[0m
[  5%] [34m[1mGenerating C++ code for ROS interfaces[0m
[  5%] Built target iciclespy_msg__cpp
[  8%] [34m[1mGenerating C++ introspection for ROS interfaces[0m
[ 10%] [34m[1mGenerating C++ type support for eProsima Fast-RTPS[0m
[35m[1mScanning dependencies of target iciclespy_msg__rosidl_generator_c[0m
[ 16%] [32mBuilding C object CMakeFiles/iciclespy_msg__rosidl_generator_c.dir/rosidl_generator_c/iciclespy_msg/msg/image_msg_request__functions.c.o[0m
[ 16%] [32mBuilding C object CMakeFiles/iciclespy_msg__rosidl_generator_c.dir/rosidl_generator_c/iciclespy_msg/srv/image_msg_request__functions.c.o[0m
[ 18%] [32m[1mLinking C shared library libiciclespy_msg__rosidl_generator_c.so[0m
[ 18%] Built target iciclespy_msg__rosidl_generator_c
[ 21%] [34m[1mGenerating C introspection for ROS interfaces[0m
[35m[1mScanning dependencies of target iciclespy_msg__rosidl_typesupport_introspection_cpp[0m
[ 24%] [32mBuilding CXX object CMakeFiles/iciclespy_msg__rosidl_typesupport_introspection_cpp.dir/rosidl_typesupport_introspection_cpp/iciclespy_msg/msg/image_msg_request__type_support.cpp.o[0m
[ 27%] [32mBuilding CXX object CMakeFiles/iciclespy_msg__rosidl_typesupport_introspection_cpp.dir/rosidl_typesupport_introspection_cpp/iciclespy_msg/srv/image_msg_request__type_support.cpp.o[0m
[35m[1mScanning dependencies of target iciclespy_msg__rosidl_typesupport_fastrtps_cpp[0m
[ 29%] [32mBuilding CXX object CMakeFiles/iciclespy_msg__rosidl_typesupport_fastrtps_cpp.dir/rosidl_typesupport_fastrtps_cpp/iciclespy_msg/msg/dds_fastrtps/image_msg_request__type_support.cpp.o[0m
[ 32%] [32mBuilding CXX object CMakeFiles/iciclespy_msg__rosidl_typesupport_fastrtps_cpp.dir/rosidl_typesupport_fastrtps_cpp/iciclespy_msg/srv/dds_fastrtps/image_msg_request__type_support.cpp.o[0m
[35m[1mScanning dependencies of target iciclespy_msg__rosidl_typesupport_introspection_c[0m
[ 35%] [32m[1mLinking CXX shared library libiciclespy_msg__rosidl_typesupport_introspection_cpp.so[0m
[ 40%] [32mBuilding C object CMakeFiles/iciclespy_msg__rosidl_typesupport_introspection_c.dir/rosidl_typesupport_introspection_c/iciclespy_msg/msg/image_msg_request__type_support.c.o[0m
[ 40%] [32mBuilding C object CMakeFiles/iciclespy_msg__rosidl_typesupport_introspection_c.dir/rosidl_typesupport_introspection_c/iciclespy_msg/srv/image_msg_request__type_support.c.o[0m
[ 43%] [32m[1mLinking C shared library libiciclespy_msg__rosidl_typesupport_introspection_c.so[0m
[ 43%] Built target iciclespy_msg__rosidl_typesupport_introspection_cpp
[ 43%] Built target iciclespy_msg__rosidl_typesupport_introspection_c
[ 45%] [32m[1mLinking CXX shared library libiciclespy_msg__rosidl_typesupport_fastrtps_cpp.so[0m
[ 45%] Built target iciclespy_msg__rosidl_typesupport_fastrtps_cpp
[ 51%] [34m[1mGenerating C type support for eProsima Fast-RTPS[0m
[ 51%] [34m[1mGenerating C++ type support dispatch for ROS interfaces[0m
[35m[1mScanning dependencies of target iciclespy_msg__rosidl_typesupport_cpp[0m
[ 54%] [32mBuilding CXX object CMakeFiles/iciclespy_msg__rosidl_typesupport_cpp.dir/rosidl_typesupport_cpp/iciclespy_msg/msg/image_msg_request__type_support.cpp.o[0m
[ 56%] [32mBuilding CXX object CMakeFiles/iciclespy_msg__rosidl_typesupport_cpp.dir/rosidl_typesupport_cpp/iciclespy_msg/srv/image_msg_request__type_support.cpp.o[0m
[35m[1mScanning dependencies of target iciclespy_msg__rosidl_typesupport_fastrtps_c[0m
[ 59%] [32mBuilding CXX object CMakeFiles/iciclespy_msg__rosidl_typesupport_fastrtps_c.dir/rosidl_typesupport_fastrtps_c/iciclespy_msg/srv/image_msg_request__type_support_c.cpp.o[0m
[ 62%] [32mBuilding CXX object CMakeFiles/iciclespy_msg__rosidl_typesupport_fastrtps_c.dir/rosidl_typesupport_fastrtps_c/iciclespy_msg/msg/image_msg_request__type_support_c.cpp.o[0m
[ 64%] [32m[1mLinking CXX shared library libiciclespy_msg__rosidl_typesupport_fastrtps_c.so[0m
[ 67%] [32m[1mLinking CXX shared library libiciclespy_msg__rosidl_typesupport_cpp.so[0m
[ 67%] Built target iciclespy_msg__rosidl_typesupport_cpp
[ 67%] Built target iciclespy_msg__rosidl_typesupport_fastrtps_c
[ 70%] [34m[1mGenerating C type support dispatch for ROS interfaces[0m
[35m[1mScanning dependencies of target iciclespy_msg__rosidl_typesupport_c[0m
[ 75%] [32mBuilding CXX object CMakeFiles/iciclespy_msg__rosidl_typesupport_c.dir/rosidl_typesupport_c/iciclespy_msg/srv/image_msg_request__type_support.cpp.o[0m
[ 75%] [32mBuilding CXX object CMakeFiles/iciclespy_msg__rosidl_typesupport_c.dir/rosidl_typesupport_c/iciclespy_msg/msg/image_msg_request__type_support.cpp.o[0m
[ 78%] [32m[1mLinking CXX shared library libiciclespy_msg__rosidl_typesupport_c.so[0m
[ 78%] Built target iciclespy_msg__rosidl_typesupport_c
[35m[1mScanning dependencies of target iciclespy_msg[0m
[ 78%] Built target iciclespy_msg
[35m[1mScanning dependencies of target iciclespy_msg__py[0m
[ 81%] [34m[1mGenerating Python code for ROS interfaces[0m
[ 81%] Built target iciclespy_msg__py
[35m[1mScanning dependencies of target iciclespy_msg__python[0m
[ 83%] [32mBuilding C object CMakeFiles/iciclespy_msg__python.dir/rosidl_generator_py/iciclespy_msg/msg/_image_msg_request_s.c.o[0m
[ 86%] [32mBuilding C object CMakeFiles/iciclespy_msg__python.dir/rosidl_generator_py/iciclespy_msg/srv/_image_msg_request_s.c.o[0m
[ 89%] [32m[1mLinking CXX shared library rosidl_generator_py/iciclespy_msg/libiciclespy_msg__python.so[0m
[ 89%] Built target iciclespy_msg__python
[35m[1mScanning dependencies of target iciclespy_msg__rosidl_typesupport_fastrtps_c__pyext[0m
[35m[1mScanning dependencies of target iciclespy_msg__rosidl_typesupport_c__pyext[0m
[ 94%] [32mBuilding C object CMakeFiles/iciclespy_msg__rosidl_typesupport_fastrtps_c__pyext.dir/rosidl_generator_py/iciclespy_msg/_iciclespy_msg_s.ep.rosidl_typesupport_fastrtps_c.c.o[0m
[ 94%] [32mBuilding C object CMakeFiles/iciclespy_msg__rosidl_typesupport_c__pyext.dir/rosidl_generator_py/iciclespy_msg/_iciclespy_msg_s.ep.rosidl_typesupport_c.c.o[0m
[ 97%] [32m[1mLinking CXX shared library rosidl_generator_py/iciclespy_msg/iciclespy_msg_s__rosidl_typesupport_c.cpython-36m-x86_64-linux-gnu.so[0m
[100%] [32m[1mLinking CXX shared library rosidl_generator_py/iciclespy_msg/iciclespy_msg_s__rosidl_typesupport_fastrtps_c.cpython-36m-x86_64-linux-gnu.so[0m
[100%] Built target iciclespy_msg__rosidl_typesupport_c__pyext
[100%] Built target iciclespy_msg__rosidl_typesupport_fastrtps_c__pyext
-- Install configuration: ""
-- Installing: /home/oleg/Documents/Github/IcicleSpy3/device/install/iciclespy_msg/share/ament_index/resource_index/rosidl_interfaces/iciclespy_msg
-- Installing: /home/oleg/Documents/Github/IcicleSpy3/device/install/iciclespy_msg/include/iciclespy_msg
-- Installing: /home/oleg/Documents/Github/IcicleSpy3/device/install/iciclespy_msg/include/iciclespy_msg/srv
-- Installing: /home/oleg/Documents/Github/IcicleSpy3/device/install/iciclespy_msg/include/iciclespy_msg/srv/image_msg_request.hpp
-- Installing: /home/oleg/Documents/Github/IcicleSpy3/device/install/iciclespy_msg/include/iciclespy_msg/srv/image_msg_request__traits.hpp
-- Installing: /home/oleg/Documents/Github/IcicleSpy3/device/install/iciclespy_msg/include/iciclespy_msg/srv/image_msg_request__struct.hpp
-- Installing: /home/oleg/Documents/Github/IcicleSpy3/device/install/iciclespy_msg/include/iciclespy_msg/msg
-- Installing: /home/oleg/Documents/Github/IcicleSpy3/device/install/iciclespy_msg/include/iciclespy_msg/msg/image_msg_request.hpp
-- Installing: /home/oleg/Documents/Github/IcicleSpy3/device/install/iciclespy_msg/include/iciclespy_msg/msg/image_msg_request__traits.hpp
-- Installing: /home/oleg/Documents/Github/IcicleSpy3/device/install/iciclespy_msg/include/iciclespy_msg/msg/image_msg_request__struct.hpp
-- Up-to-date: /home/oleg/Documents/Github/IcicleSpy3/device/install/iciclespy_msg/include/iciclespy_msg
-- Up-to-date: /home/oleg/Documents/Github/IcicleSpy3/device/install/iciclespy_msg/include/iciclespy_msg/srv
-- Installing: /home/oleg/Documents/Github/IcicleSpy3/device/install/iciclespy_msg/include/iciclespy_msg/srv/image_msg_request__functions.h
-- Installing: /home/oleg/Documents/Github/IcicleSpy3/device/install/iciclespy_msg/include/iciclespy_msg/srv/image_msg_request__type_support.h
-- Installing: /home/oleg/Documents/Github/IcicleSpy3/device/install/iciclespy_msg/include/iciclespy_msg/srv/image_msg_request__functions.c
-- Installing: /home/oleg/Documents/Github/IcicleSpy3/device/install/iciclespy_msg/include/iciclespy_msg/srv/image_msg_request__struct.h
-- Installing: /home/oleg/Documents/Github/IcicleSpy3/device/install/iciclespy_msg/include/iciclespy_msg/srv/image_msg_request.h
-- Up-to-date: /home/oleg/Documents/Github/IcicleSpy3/device/install/iciclespy_msg/include/iciclespy_msg/msg
-- Installing: /home/oleg/Documents/Github/IcicleSpy3/device/install/iciclespy_msg/include/iciclespy_msg/msg/image_msg_request__functions.h
-- Installing: /home/oleg/Documents/Github/IcicleSpy3/device/install/iciclespy_msg/include/iciclespy_msg/msg/image_msg_request__type_support.h
-- Installing: /home/oleg/Documents/Github/IcicleSpy3/device/install/iciclespy_msg/include/iciclespy_msg/msg/rosidl_generator_c__visibility_control.h
-- Installing: /home/oleg/Documents/Github/IcicleSpy3/device/install/iciclespy_msg/include/iciclespy_msg/msg/image_msg_request__functions.c
-- Installing: /home/oleg/Documents/Github/IcicleSpy3/device/install/iciclespy_msg/include/iciclespy_msg/msg/image_msg_request__struct.h
-- Installing: /home/oleg/Documents/Github/IcicleSpy3/device/install/iciclespy_msg/include/iciclespy_msg/msg/image_msg_request.h
-- Installing: /home/oleg/Documents/Github/IcicleSpy3/device/install/iciclespy_msg/share/iciclespy_msg/environment/library_path.sh
-- Installing: /home/oleg/Documents/Github/IcicleSpy3/device/install/iciclespy_msg/share/iciclespy_msg/environment/library_path.dsv
-- Installing: /home/oleg/Documents/Github/IcicleSpy3/device/install/iciclespy_msg/lib/libiciclespy_msg__rosidl_generator_c.so
-- Set runtime path of "/home/oleg/Documents/Github/IcicleSpy3/device/install/iciclespy_msg/lib/libiciclespy_msg__rosidl_generator_c.so" to ""
-- Installing: /home/oleg/Documents/Github/IcicleSpy3/device/install/iciclespy_msg/lib/libiciclespy_msg__rosidl_typesupport_c.so
-- Set runtime path of "/home/oleg/Documents/Github/IcicleSpy3/device/install/iciclespy_msg/lib/libiciclespy_msg__rosidl_typesupport_c.so" to ""
-- Installing: /home/oleg/Documents/Github/IcicleSpy3/device/install/iciclespy_msg/lib/libiciclespy_msg__rosidl_typesupport_cpp.so
-- Set runtime path of "/home/oleg/Documents/Github/IcicleSpy3/device/install/iciclespy_msg/lib/libiciclespy_msg__rosidl_typesupport_cpp.so" to ""
-- Up-to-date: /home/oleg/Documents/Github/IcicleSpy3/device/install/iciclespy_msg/include/iciclespy_msg
-- Up-to-date: /home/oleg/Documents/Github/IcicleSpy3/device/install/iciclespy_msg/include/iciclespy_msg/srv
-- Installing: /home/oleg/Documents/Github/IcicleSpy3/device/install/iciclespy_msg/include/iciclespy_msg/srv/image_msg_request__type_support.c
-- Installing: /home/oleg/Documents/Github/IcicleSpy3/device/install/iciclespy_msg/include/iciclespy_msg/srv/image_msg_request__rosidl_typesupport_introspection_c.h
-- Up-to-date: /home/oleg/Documents/Github/IcicleSpy3/device/install/iciclespy_msg/include/iciclespy_msg/msg
-- Installing: /home/oleg/Documents/Github/IcicleSpy3/device/install/iciclespy_msg/include/iciclespy_msg/msg/image_msg_request__type_support.c
-- Installing: /home/oleg/Documents/Github/IcicleSpy3/device/install/iciclespy_msg/include/iciclespy_msg/msg/rosidl_typesupport_introspection_c__visibility_control.h
-- Installing: /home/oleg/Documents/Github/IcicleSpy3/device/install/iciclespy_msg/include/iciclespy_msg/msg/image_msg_request__rosidl_typesupport_introspection_c.h
-- Installing: /home/oleg/Documents/Github/IcicleSpy3/device/install/iciclespy_msg/lib/libiciclespy_msg__rosidl_typesupport_introspection_c.so
-- Set runtime path of "/home/oleg/Documents/Github/IcicleSpy3/device/install/iciclespy_msg/lib/libiciclespy_msg__rosidl_typesupport_introspection_c.so" to ""
-- Up-to-date: /home/oleg/Documents/Github/IcicleSpy3/device/install/iciclespy_msg/include/iciclespy_msg
-- Up-to-date: /home/oleg/Documents/Github/IcicleSpy3/device/install/iciclespy_msg/include/iciclespy_msg/srv
-- Installing: /home/oleg/Documents/Github/IcicleSpy3/device/install/iciclespy_msg/include/iciclespy_msg/srv/image_msg_request__rosidl_typesupport_introspection_cpp.hpp
-- Installing: /home/oleg/Documents/Github/IcicleSpy3/device/install/iciclespy_msg/include/iciclespy_msg/srv/image_msg_request__type_support.cpp
-- Up-to-date: /home/oleg/Documents/Github/IcicleSpy3/device/install/iciclespy_msg/include/iciclespy_msg/msg
-- Installing: /home/oleg/Documents/Github/IcicleSpy3/device/install/iciclespy_msg/include/iciclespy_msg/msg/image_msg_request__rosidl_typesupport_introspection_cpp.hpp
-- Installing: /home/oleg/Documents/Github/IcicleSpy3/device/install/iciclespy_msg/include/iciclespy_msg/msg/image_msg_request__type_support.cpp
-- Installing: /home/oleg/Documents/Github/IcicleSpy3/device/install/iciclespy_msg/lib/libiciclespy_msg__rosidl_typesupport_introspection_cpp.so
-- Set runtime path of "/home/oleg/Documents/Github/IcicleSpy3/device/install/iciclespy_msg/lib/libiciclespy_msg__rosidl_typesupport_introspection_cpp.so" to ""
-- Up-to-date: /home/oleg/Documents/Github/IcicleSpy3/device/install/iciclespy_msg/include/iciclespy_msg
-- Up-to-date: /home/oleg/Documents/Github/IcicleSpy3/device/install/iciclespy_msg/include/iciclespy_msg/srv
-- Installing: /home/oleg/Documents/Github/IcicleSpy3/device/install/iciclespy_msg/include/iciclespy_msg/srv/image_msg_request__rosidl_typesupport_fastrtps_c.h
-- Up-to-date: /home/oleg/Documents/Github/IcicleSpy3/device/install/iciclespy_msg/include/iciclespy_msg/msg
-- Installing: /home/oleg/Documents/Github/IcicleSpy3/device/install/iciclespy_msg/include/iciclespy_msg/msg/image_msg_request__rosidl_typesupport_fastrtps_c.h
-- Installing: /home/oleg/Documents/Github/IcicleSpy3/device/install/iciclespy_msg/include/iciclespy_msg/msg/rosidl_typesupport_fastrtps_c__visibility_control.h
-- Installing: /home/oleg/Documents/Github/IcicleSpy3/device/install/iciclespy_msg/lib/libiciclespy_msg__rosidl_typesupport_fastrtps_c.so
-- Set runtime path of "/home/oleg/Documents/Github/IcicleSpy3/device/install/iciclespy_msg/lib/libiciclespy_msg__rosidl_typesupport_fastrtps_c.so" to ""
-- Up-to-date: /home/oleg/Documents/Github/IcicleSpy3/device/install/iciclespy_msg/include/iciclespy_msg
-- Up-to-date: /home/oleg/Documents/Github/IcicleSpy3/device/install/iciclespy_msg/include/iciclespy_msg/srv
-- Installing: /home/oleg/Documents/Github/IcicleSpy3/device/install/iciclespy_msg/include/iciclespy_msg/srv/image_msg_request__rosidl_typesupport_fastrtps_cpp.hpp
-- Installing: /home/oleg/Documents/Github/IcicleSpy3/device/install/iciclespy_msg/include/iciclespy_msg/srv/dds_fastrtps
-- Up-to-date: /home/oleg/Documents/Github/IcicleSpy3/device/install/iciclespy_msg/include/iciclespy_msg/msg
-- Installing: /home/oleg/Documents/Github/IcicleSpy3/device/install/iciclespy_msg/include/iciclespy_msg/msg/image_msg_request__rosidl_typesupport_fastrtps_cpp.hpp
-- Installing: /home/oleg/Documents/Github/IcicleSpy3/device/install/iciclespy_msg/include/iciclespy_msg/msg/rosidl_typesupport_fastrtps_cpp__visibility_control.h
-- Installing: /home/oleg/Documents/Github/IcicleSpy3/device/install/iciclespy_msg/include/iciclespy_msg/msg/dds_fastrtps
-- Installing: /home/oleg/Documents/Github/IcicleSpy3/device/install/iciclespy_msg/lib/libiciclespy_msg__rosidl_typesupport_fastrtps_cpp.so
-- Set runtime path of "/home/oleg/Documents/Github/IcicleSpy3/device/install/iciclespy_msg/lib/libiciclespy_msg__rosidl_typesupport_fastrtps_cpp.so" to ""
-- Installing: /home/oleg/Documents/Github/IcicleSpy3/device/install/iciclespy_msg/share/iciclespy_msg/environment/pythonpath.sh
-- Installing: /home/oleg/Documents/Github/IcicleSpy3/device/install/iciclespy_msg/share/iciclespy_msg/environment/pythonpath.dsv
-- Installing: /home/oleg/Documents/Github/IcicleSpy3/device/install/iciclespy_msg/lib/python3.6/site-packages/iciclespy_msg/__init__.py
Compiling '/home/oleg/Documents/Github/IcicleSpy3/device/install/iciclespy_msg/lib/python3.6/site-packages/iciclespy_msg/__init__.py'...
-- Installing: /home/oleg/Documents/Github/IcicleSpy3/device/install/iciclespy_msg/lib/python3.6/site-packages/iciclespy_msg/msg
-- Installing: /home/oleg/Documents/Github/IcicleSpy3/device/install/iciclespy_msg/lib/python3.6/site-packages/iciclespy_msg/msg/_image_msg_request.py
-- Installing: /home/oleg/Documents/Github/IcicleSpy3/device/install/iciclespy_msg/lib/python3.6/site-packages/iciclespy_msg/msg/_image_msg_request_s.c
-- Installing: /home/oleg/Documents/Github/IcicleSpy3/device/install/iciclespy_msg/lib/python3.6/site-packages/iciclespy_msg/msg/__init__.py
-- Installing: /home/oleg/Documents/Github/IcicleSpy3/device/install/iciclespy_msg/lib/python3.6/site-packages/iciclespy_msg/srv
-- Installing: /home/oleg/Documents/Github/IcicleSpy3/device/install/iciclespy_msg/lib/python3.6/site-packages/iciclespy_msg/srv/_image_msg_request.py
-- Installing: /home/oleg/Documents/Github/IcicleSpy3/device/install/iciclespy_msg/lib/python3.6/site-packages/iciclespy_msg/srv/_image_msg_request_s.c
-- Installing: /home/oleg/Documents/Github/IcicleSpy3/device/install/iciclespy_msg/lib/python3.6/site-packages/iciclespy_msg/srv/__init__.py
-- Installing: /home/oleg/Documents/Github/IcicleSpy3/device/install/iciclespy_msg/lib/python3.6/site-packages/iciclespy_msg/iciclespy_msg_s__rosidl_typesupport_c.cpython-36m-x86_64-linux-gnu.so
-- Set runtime path of "/home/oleg/Documents/Github/IcicleSpy3/device/install/iciclespy_msg/lib/python3.6/site-packages/iciclespy_msg/iciclespy_msg_s__rosidl_typesupport_c.cpython-36m-x86_64-linux-gnu.so" to ""
-- Installing: /home/oleg/Documents/Github/IcicleSpy3/device/install/iciclespy_msg/lib/python3.6/site-packages/iciclespy_msg/iciclespy_msg_s__rosidl_typesupport_fastrtps_c.cpython-36m-x86_64-linux-gnu.so
-- Set runtime path of "/home/oleg/Documents/Github/IcicleSpy3/device/install/iciclespy_msg/lib/python3.6/site-packages/iciclespy_msg/iciclespy_msg_s__rosidl_typesupport_fastrtps_c.cpython-36m-x86_64-linux-gnu.so" to ""
-- Installing: /home/oleg/Documents/Github/IcicleSpy3/device/install/iciclespy_msg/lib/libiciclespy_msg__python.so
-- Set runtime path of "/home/oleg/Documents/Github/IcicleSpy3/device/install/iciclespy_msg/lib/libiciclespy_msg__python.so" to ""
-- Installing: /home/oleg/Documents/Github/IcicleSpy3/device/install/iciclespy_msg/share/iciclespy_msg/msg/ImageMsgRequest.idl
-- Installing: /home/oleg/Documents/Github/IcicleSpy3/device/install/iciclespy_msg/share/iciclespy_msg/srv/ImageMsgRequest.idl
-- Installing: /home/oleg/Documents/Github/IcicleSpy3/device/install/iciclespy_msg/share/iciclespy_msg/msg/ImageMsgRequest.msg
-- Installing: /home/oleg/Documents/Github/IcicleSpy3/device/install/iciclespy_msg/share/iciclespy_msg/srv/ImageMsgRequest.srv
-- Installing: /home/oleg/Documents/Github/IcicleSpy3/device/install/iciclespy_msg/share/iciclespy_msg/srv/ImageMsgRequest_Request.msg
-- Installing: /home/oleg/Documents/Github/IcicleSpy3/device/install/iciclespy_msg/share/iciclespy_msg/srv/ImageMsgRequest_Response.msg
-- Installing: /home/oleg/Documents/Github/IcicleSpy3/device/install/iciclespy_msg/share/ament_index/resource_index/package_run_dependencies/iciclespy_msg
-- Installing: /home/oleg/Documents/Github/IcicleSpy3/device/install/iciclespy_msg/share/ament_index/resource_index/parent_prefix_path/iciclespy_msg
-- Installing: /home/oleg/Documents/Github/IcicleSpy3/device/install/iciclespy_msg/share/iciclespy_msg/environment/ament_prefix_path.sh
-- Installing: /home/oleg/Documents/Github/IcicleSpy3/device/install/iciclespy_msg/share/iciclespy_msg/environment/ament_prefix_path.dsv
-- Installing: /home/oleg/Documents/Github/IcicleSpy3/device/install/iciclespy_msg/share/iciclespy_msg/environment/path.sh
-- Installing: /home/oleg/Documents/Github/IcicleSpy3/device/install/iciclespy_msg/share/iciclespy_msg/environment/path.dsv
-- Installing: /home/oleg/Documents/Github/IcicleSpy3/device/install/iciclespy_msg/share/iciclespy_msg/local_setup.bash
-- Installing: /home/oleg/Documents/Github/IcicleSpy3/device/install/iciclespy_msg/share/iciclespy_msg/local_setup.sh
-- Installing: /home/oleg/Documents/Github/IcicleSpy3/device/install/iciclespy_msg/share/iciclespy_msg/local_setup.zsh
-- Installing: /home/oleg/Documents/Github/IcicleSpy3/device/install/iciclespy_msg/share/iciclespy_msg/local_setup.dsv
-- Installing: /home/oleg/Documents/Github/IcicleSpy3/device/install/iciclespy_msg/share/iciclespy_msg/package.dsv
-- Installing: /home/oleg/Documents/Github/IcicleSpy3/device/install/iciclespy_msg/share/ament_index/resource_index/packages/iciclespy_msg
-- Installing: /home/oleg/Documents/Github/IcicleSpy3/device/install/iciclespy_msg/share/iciclespy_msg/cmake/rosidl_cmake-extras.cmake
-- Installing: /home/oleg/Documents/Github/IcicleSpy3/device/install/iciclespy_msg/share/iciclespy_msg/cmake/ament_cmake_export_dependencies-extras.cmake
-- Installing: /home/oleg/Documents/Github/IcicleSpy3/device/install/iciclespy_msg/share/iciclespy_msg/cmake/ament_cmake_export_include_directories-extras.cmake
-- Installing: /home/oleg/Documents/Github/IcicleSpy3/device/install/iciclespy_msg/share/iciclespy_msg/cmake/ament_cmake_export_libraries-extras.cmake
-- Installing: /home/oleg/Documents/Github/IcicleSpy3/device/install/iciclespy_msg/share/iciclespy_msg/cmake/iciclespy_msgConfig.cmake
-- Installing: /home/oleg/Documents/Github/IcicleSpy3/device/install/iciclespy_msg/share/iciclespy_msg/cmake/iciclespy_msgConfig-version.cmake
-- Installing: /home/oleg/Documents/Github/IcicleSpy3/device/install/iciclespy_msg/share/iciclespy_msg/package.xml
