[0.030s] Invoking command in '/home/oleg/Documents/Github/IcicleSpy3/device/build/iciclespy_msg': CMAKE_PREFIX_PATH=/opt/ros/eloquent /usr/local/bin/cmake --build /home/oleg/Documents/Github/IcicleSpy3/device/build/iciclespy_msg -- -j8 -l8
[0.044s] -- Found ament_cmake: 0.8.2 (/opt/ros/eloquent/share/ament_cmake/cmake)
[0.065s] -- Found PythonInterp: /usr/bin/python3 (found suitable version "3.6.9", minimum required is "3") 
[0.066s] -- Using PYTHON_EXECUTABLE: /usr/bin/python3
[0.255s] -- Found sensor_msgs: 0.8.1 (/opt/ros/eloquent/share/sensor_msgs/cmake)
[0.261s] -- Found rosidl_adapter: 0.8.2 (/opt/ros/eloquent/share/rosidl_adapter/cmake)
[0.296s] -- Found rosidl_default_generators: 0.8.0 (/opt/ros/eloquent/share/rosidl_default_generators/cmake)
[0.389s] -- Found PythonInterp: /usr/bin/python3 (found version "3.6.9") 
[0.658s] -- Using single matching rosidl_typesupport_c: rosidl_typesupport_fastrtps_c
[0.702s] -- Using single matching rosidl_typesupport_cpp: rosidl_typesupport_fastrtps_cpp
[0.941s] -- Found rmw_implementation_cmake: 0.8.1 (/opt/ros/eloquent/share/rmw_implementation_cmake/cmake)
[0.963s] -- Found PythonInterp: /usr/bin/python3 (found suitable version "3.6.9", minimum required is "3.5") 
[0.964s] -- Found python_cmake_module: 0.8.0 (/opt/ros/eloquent/share/python_cmake_module/cmake)
[0.986s] -- Using PYTHON_EXECUTABLE: /usr/bin/python3
[0.986s] -- Using PYTHON_INCLUDE_DIRS: /usr/include/python3.6m
[0.986s] -- Using PYTHON_LIBRARIES: /usr/lib/x86_64-linux-gnu/libpython3.6m.so
[1.098s] -- Found ament_lint_auto: 0.8.1 (/opt/ros/eloquent/share/ament_lint_auto/cmake)
[1.107s] -- Added test 'lint_cmake' to check CMake code style
[1.107s] -- Added test 'xmllint' to check XML markup files
[1.109s] -- Configuring done
[1.582s] -- Generating done
[1.585s] -- Build files have been written to: /home/oleg/Documents/Github/IcicleSpy3/device/build/iciclespy_msg
[1.596s] [  2%] [34m[1mGenerating C code for ROS interfaces[0m
[1.600s] [  5%] [34m[1mGenerating C++ code for ROS interfaces[0m
[1.847s] [  5%] Built target iciclespy_msg__cpp
[1.852s] [  8%] [34m[1mGenerating C++ introspection for ROS interfaces[0m
[1.852s] [ 10%] [34m[1mGenerating C++ type support for eProsima Fast-RTPS[0m
[1.875s] [35m[1mScanning dependencies of target iciclespy_msg__rosidl_generator_c[0m
[1.921s] [ 16%] [32mBuilding C object CMakeFiles/iciclespy_msg__rosidl_generator_c.dir/rosidl_generator_c/iciclespy_msg/msg/image_msg_request__functions.c.o[0m
[1.921s] [ 16%] [32mBuilding C object CMakeFiles/iciclespy_msg__rosidl_generator_c.dir/rosidl_generator_c/iciclespy_msg/srv/image_msg_request__functions.c.o[0m
[1.965s] [ 18%] [32m[1mLinking C shared library libiciclespy_msg__rosidl_generator_c.so[0m
[1.998s] [ 18%] Built target iciclespy_msg__rosidl_generator_c
[2.004s] [ 21%] [34m[1mGenerating C introspection for ROS interfaces[0m
[2.096s] [35m[1mScanning dependencies of target iciclespy_msg__rosidl_typesupport_introspection_cpp[0m
[2.103s] [ 24%] [32mBuilding CXX object CMakeFiles/iciclespy_msg__rosidl_typesupport_introspection_cpp.dir/rosidl_typesupport_introspection_cpp/iciclespy_msg/msg/image_msg_request__type_support.cpp.o[0m
[2.104s] [ 27%] [32mBuilding CXX object CMakeFiles/iciclespy_msg__rosidl_typesupport_introspection_cpp.dir/rosidl_typesupport_introspection_cpp/iciclespy_msg/srv/image_msg_request__type_support.cpp.o[0m
[2.176s] [35m[1mScanning dependencies of target iciclespy_msg__rosidl_typesupport_fastrtps_cpp[0m
[2.184s] [ 29%] [32mBuilding CXX object CMakeFiles/iciclespy_msg__rosidl_typesupport_fastrtps_cpp.dir/rosidl_typesupport_fastrtps_cpp/iciclespy_msg/msg/dds_fastrtps/image_msg_request__type_support.cpp.o[0m
[2.185s] [ 32%] [32mBuilding CXX object CMakeFiles/iciclespy_msg__rosidl_typesupport_fastrtps_cpp.dir/rosidl_typesupport_fastrtps_cpp/iciclespy_msg/srv/dds_fastrtps/image_msg_request__type_support.cpp.o[0m
[2.279s] [35m[1mScanning dependencies of target iciclespy_msg__rosidl_typesupport_introspection_c[0m
[2.342s] [ 35%] [32m[1mLinking CXX shared library libiciclespy_msg__rosidl_typesupport_introspection_cpp.so[0m
[2.345s] [ 40%] [32mBuilding C object CMakeFiles/iciclespy_msg__rosidl_typesupport_introspection_c.dir/rosidl_typesupport_introspection_c/iciclespy_msg/msg/image_msg_request__type_support.c.o[0m
[2.346s] [ 40%] [32mBuilding C object CMakeFiles/iciclespy_msg__rosidl_typesupport_introspection_c.dir/rosidl_typesupport_introspection_c/iciclespy_msg/srv/image_msg_request__type_support.c.o[0m
[2.371s] [ 43%] [32m[1mLinking C shared library libiciclespy_msg__rosidl_typesupport_introspection_c.so[0m
[2.400s] [ 43%] Built target iciclespy_msg__rosidl_typesupport_introspection_cpp
[2.401s] [ 43%] Built target iciclespy_msg__rosidl_typesupport_introspection_c
[2.549s] [ 45%] [32m[1mLinking CXX shared library libiciclespy_msg__rosidl_typesupport_fastrtps_cpp.so[0m
[2.616s] [ 45%] Built target iciclespy_msg__rosidl_typesupport_fastrtps_cpp
[2.621s] [ 51%] [34m[1mGenerating C type support for eProsima Fast-RTPS[0m
[2.621s] [ 51%] [34m[1mGenerating C++ type support dispatch for ROS interfaces[0m
[2.839s] [35m[1mScanning dependencies of target iciclespy_msg__rosidl_typesupport_cpp[0m
[2.847s] [ 54%] [32mBuilding CXX object CMakeFiles/iciclespy_msg__rosidl_typesupport_cpp.dir/rosidl_typesupport_cpp/iciclespy_msg/msg/image_msg_request__type_support.cpp.o[0m
[2.847s] [ 56%] [32mBuilding CXX object CMakeFiles/iciclespy_msg__rosidl_typesupport_cpp.dir/rosidl_typesupport_cpp/iciclespy_msg/srv/image_msg_request__type_support.cpp.o[0m
[2.880s] [35m[1mScanning dependencies of target iciclespy_msg__rosidl_typesupport_fastrtps_c[0m
[2.891s] [ 59%] [32mBuilding CXX object CMakeFiles/iciclespy_msg__rosidl_typesupport_fastrtps_c.dir/rosidl_typesupport_fastrtps_c/iciclespy_msg/srv/image_msg_request__type_support_c.cpp.o[0m
[2.891s] [ 62%] [32mBuilding CXX object CMakeFiles/iciclespy_msg__rosidl_typesupport_fastrtps_c.dir/rosidl_typesupport_fastrtps_c/iciclespy_msg/msg/image_msg_request__type_support_c.cpp.o[0m
[3.167s] [ 64%] [32m[1mLinking CXX shared library libiciclespy_msg__rosidl_typesupport_fastrtps_c.so[0m
[3.170s] [ 67%] [32m[1mLinking CXX shared library libiciclespy_msg__rosidl_typesupport_cpp.so[0m
[3.258s] [ 67%] Built target iciclespy_msg__rosidl_typesupport_cpp
[3.258s] [ 67%] Built target iciclespy_msg__rosidl_typesupport_fastrtps_c
[3.264s] [ 70%] [34m[1mGenerating C type support dispatch for ROS interfaces[0m
[3.481s] [35m[1mScanning dependencies of target iciclespy_msg__rosidl_typesupport_c[0m
[3.488s] [ 75%] [32mBuilding CXX object CMakeFiles/iciclespy_msg__rosidl_typesupport_c.dir/rosidl_typesupport_c/iciclespy_msg/srv/image_msg_request__type_support.cpp.o[0m
[3.488s] [ 75%] [32mBuilding CXX object CMakeFiles/iciclespy_msg__rosidl_typesupport_c.dir/rosidl_typesupport_c/iciclespy_msg/msg/image_msg_request__type_support.cpp.o[0m
[3.516s] [ 78%] [32m[1mLinking CXX shared library libiciclespy_msg__rosidl_typesupport_c.so[0m
[3.568s] [ 78%] Built target iciclespy_msg__rosidl_typesupport_c
[3.572s] [35m[1mScanning dependencies of target iciclespy_msg[0m
[3.576s] [ 78%] Built target iciclespy_msg
[3.580s] [35m[1mScanning dependencies of target iciclespy_msg__py[0m
[3.584s] [ 81%] [34m[1mGenerating Python code for ROS interfaces[0m
[4.066s] [ 81%] Built target iciclespy_msg__py
[4.070s] [35m[1mScanning dependencies of target iciclespy_msg__python[0m
[4.085s] [ 83%] [32mBuilding C object CMakeFiles/iciclespy_msg__python.dir/rosidl_generator_py/iciclespy_msg/msg/_image_msg_request_s.c.o[0m
[4.085s] [ 86%] [32mBuilding C object CMakeFiles/iciclespy_msg__python.dir/rosidl_generator_py/iciclespy_msg/srv/_image_msg_request_s.c.o[0m
[4.159s] [ 89%] [32m[1mLinking CXX shared library rosidl_generator_py/iciclespy_msg/libiciclespy_msg__python.so[0m
[4.218s] [ 89%] Built target iciclespy_msg__python
[4.223s] [35m[1mScanning dependencies of target iciclespy_msg__rosidl_typesupport_fastrtps_c__pyext[0m
[4.223s] [35m[1mScanning dependencies of target iciclespy_msg__rosidl_typesupport_c__pyext[0m
[4.234s] [ 94%] [32mBuilding C object CMakeFiles/iciclespy_msg__rosidl_typesupport_fastrtps_c__pyext.dir/rosidl_generator_py/iciclespy_msg/_iciclespy_msg_s.ep.rosidl_typesupport_fastrtps_c.c.o[0m
[4.234s] [ 94%] [32mBuilding C object CMakeFiles/iciclespy_msg__rosidl_typesupport_c__pyext.dir/rosidl_generator_py/iciclespy_msg/_iciclespy_msg_s.ep.rosidl_typesupport_c.c.o[0m
[4.293s] [ 97%] [32m[1mLinking CXX shared library rosidl_generator_py/iciclespy_msg/iciclespy_msg_s__rosidl_typesupport_c.cpython-36m-x86_64-linux-gnu.so[0m
[4.293s] [100%] [32m[1mLinking CXX shared library rosidl_generator_py/iciclespy_msg/iciclespy_msg_s__rosidl_typesupport_fastrtps_c.cpython-36m-x86_64-linux-gnu.so[0m
[4.369s] [100%] Built target iciclespy_msg__rosidl_typesupport_c__pyext
[4.370s] [100%] Built target iciclespy_msg__rosidl_typesupport_fastrtps_c__pyext
[4.374s] Invoked command in '/home/oleg/Documents/Github/IcicleSpy3/device/build/iciclespy_msg' returned '0': CMAKE_PREFIX_PATH=/opt/ros/eloquent /usr/local/bin/cmake --build /home/oleg/Documents/Github/IcicleSpy3/device/build/iciclespy_msg -- -j8 -l8
[4.432s] Invoking command in '/home/oleg/Documents/Github/IcicleSpy3/device/build/iciclespy_msg': CMAKE_PREFIX_PATH=/opt/ros/eloquent /usr/local/bin/cmake --install /home/oleg/Documents/Github/IcicleSpy3/device/build/iciclespy_msg
[4.434s] -- Install configuration: ""
[4.435s] -- Installing: /home/oleg/Documents/Github/IcicleSpy3/device/install/iciclespy_msg/share/ament_index/resource_index/rosidl_interfaces/iciclespy_msg
[4.435s] -- Installing: /home/oleg/Documents/Github/IcicleSpy3/device/install/iciclespy_msg/include/iciclespy_msg
[4.435s] -- Installing: /home/oleg/Documents/Github/IcicleSpy3/device/install/iciclespy_msg/include/iciclespy_msg/srv
[4.435s] -- Installing: /home/oleg/Documents/Github/IcicleSpy3/device/install/iciclespy_msg/include/iciclespy_msg/srv/image_msg_request.hpp
[4.435s] -- Installing: /home/oleg/Documents/Github/IcicleSpy3/device/install/iciclespy_msg/include/iciclespy_msg/srv/image_msg_request__traits.hpp
[4.435s] -- Installing: /home/oleg/Documents/Github/IcicleSpy3/device/install/iciclespy_msg/include/iciclespy_msg/srv/image_msg_request__struct.hpp
[4.435s] -- Installing: /home/oleg/Documents/Github/IcicleSpy3/device/install/iciclespy_msg/include/iciclespy_msg/msg
[4.435s] -- Installing: /home/oleg/Documents/Github/IcicleSpy3/device/install/iciclespy_msg/include/iciclespy_msg/msg/image_msg_request.hpp
[4.435s] -- Installing: /home/oleg/Documents/Github/IcicleSpy3/device/install/iciclespy_msg/include/iciclespy_msg/msg/image_msg_request__traits.hpp
[4.436s] -- Installing: /home/oleg/Documents/Github/IcicleSpy3/device/install/iciclespy_msg/include/iciclespy_msg/msg/image_msg_request__struct.hpp
[4.436s] -- Up-to-date: /home/oleg/Documents/Github/IcicleSpy3/device/install/iciclespy_msg/include/iciclespy_msg
[4.436s] -- Up-to-date: /home/oleg/Documents/Github/IcicleSpy3/device/install/iciclespy_msg/include/iciclespy_msg/srv
[4.436s] -- Installing: /home/oleg/Documents/Github/IcicleSpy3/device/install/iciclespy_msg/include/iciclespy_msg/srv/image_msg_request__functions.h
[4.436s] -- Installing: /home/oleg/Documents/Github/IcicleSpy3/device/install/iciclespy_msg/include/iciclespy_msg/srv/image_msg_request__type_support.h
[4.436s] -- Installing: /home/oleg/Documents/Github/IcicleSpy3/device/install/iciclespy_msg/include/iciclespy_msg/srv/image_msg_request__functions.c
[4.436s] -- Installing: /home/oleg/Documents/Github/IcicleSpy3/device/install/iciclespy_msg/include/iciclespy_msg/srv/image_msg_request__struct.h
[4.436s] -- Installing: /home/oleg/Documents/Github/IcicleSpy3/device/install/iciclespy_msg/include/iciclespy_msg/srv/image_msg_request.h
[4.436s] -- Up-to-date: /home/oleg/Documents/Github/IcicleSpy3/device/install/iciclespy_msg/include/iciclespy_msg/msg
[4.437s] -- Installing: /home/oleg/Documents/Github/IcicleSpy3/device/install/iciclespy_msg/include/iciclespy_msg/msg/image_msg_request__functions.h
[4.437s] -- Installing: /home/oleg/Documents/Github/IcicleSpy3/device/install/iciclespy_msg/include/iciclespy_msg/msg/image_msg_request__type_support.h
[4.437s] -- Installing: /home/oleg/Documents/Github/IcicleSpy3/device/install/iciclespy_msg/include/iciclespy_msg/msg/rosidl_generator_c__visibility_control.h
[4.437s] -- Installing: /home/oleg/Documents/Github/IcicleSpy3/device/install/iciclespy_msg/include/iciclespy_msg/msg/image_msg_request__functions.c
[4.437s] -- Installing: /home/oleg/Documents/Github/IcicleSpy3/device/install/iciclespy_msg/include/iciclespy_msg/msg/image_msg_request__struct.h
[4.437s] -- Installing: /home/oleg/Documents/Github/IcicleSpy3/device/install/iciclespy_msg/include/iciclespy_msg/msg/image_msg_request.h
[4.437s] -- Installing: /home/oleg/Documents/Github/IcicleSpy3/device/install/iciclespy_msg/share/iciclespy_msg/environment/library_path.sh
[4.437s] -- Installing: /home/oleg/Documents/Github/IcicleSpy3/device/install/iciclespy_msg/share/iciclespy_msg/environment/library_path.dsv
[4.437s] -- Installing: /home/oleg/Documents/Github/IcicleSpy3/device/install/iciclespy_msg/lib/libiciclespy_msg__rosidl_generator_c.so
[4.437s] -- Set runtime path of "/home/oleg/Documents/Github/IcicleSpy3/device/install/iciclespy_msg/lib/libiciclespy_msg__rosidl_generator_c.so" to ""
[4.437s] -- Installing: /home/oleg/Documents/Github/IcicleSpy3/device/install/iciclespy_msg/lib/libiciclespy_msg__rosidl_typesupport_c.so
[4.437s] -- Set runtime path of "/home/oleg/Documents/Github/IcicleSpy3/device/install/iciclespy_msg/lib/libiciclespy_msg__rosidl_typesupport_c.so" to ""
[4.437s] -- Installing: /home/oleg/Documents/Github/IcicleSpy3/device/install/iciclespy_msg/lib/libiciclespy_msg__rosidl_typesupport_cpp.so
[4.438s] -- Set runtime path of "/home/oleg/Documents/Github/IcicleSpy3/device/install/iciclespy_msg/lib/libiciclespy_msg__rosidl_typesupport_cpp.so" to ""
[4.438s] -- Up-to-date: /home/oleg/Documents/Github/IcicleSpy3/device/install/iciclespy_msg/include/iciclespy_msg
[4.438s] -- Up-to-date: /home/oleg/Documents/Github/IcicleSpy3/device/install/iciclespy_msg/include/iciclespy_msg/srv
[4.438s] -- Installing: /home/oleg/Documents/Github/IcicleSpy3/device/install/iciclespy_msg/include/iciclespy_msg/srv/image_msg_request__type_support.c
[4.438s] -- Installing: /home/oleg/Documents/Github/IcicleSpy3/device/install/iciclespy_msg/include/iciclespy_msg/srv/image_msg_request__rosidl_typesupport_introspection_c.h
[4.438s] -- Up-to-date: /home/oleg/Documents/Github/IcicleSpy3/device/install/iciclespy_msg/include/iciclespy_msg/msg
[4.438s] -- Installing: /home/oleg/Documents/Github/IcicleSpy3/device/install/iciclespy_msg/include/iciclespy_msg/msg/image_msg_request__type_support.c
[4.438s] -- Installing: /home/oleg/Documents/Github/IcicleSpy3/device/install/iciclespy_msg/include/iciclespy_msg/msg/rosidl_typesupport_introspection_c__visibility_control.h
[4.438s] -- Installing: /home/oleg/Documents/Github/IcicleSpy3/device/install/iciclespy_msg/include/iciclespy_msg/msg/image_msg_request__rosidl_typesupport_introspection_c.h
[4.438s] -- Installing: /home/oleg/Documents/Github/IcicleSpy3/device/install/iciclespy_msg/lib/libiciclespy_msg__rosidl_typesupport_introspection_c.so
[4.438s] -- Set runtime path of "/home/oleg/Documents/Github/IcicleSpy3/device/install/iciclespy_msg/lib/libiciclespy_msg__rosidl_typesupport_introspection_c.so" to ""
[4.439s] -- Up-to-date: /home/oleg/Documents/Github/IcicleSpy3/device/install/iciclespy_msg/include/iciclespy_msg
[4.439s] -- Up-to-date: /home/oleg/Documents/Github/IcicleSpy3/device/install/iciclespy_msg/include/iciclespy_msg/srv
[4.439s] -- Installing: /home/oleg/Documents/Github/IcicleSpy3/device/install/iciclespy_msg/include/iciclespy_msg/srv/image_msg_request__rosidl_typesupport_introspection_cpp.hpp
[4.439s] -- Installing: /home/oleg/Documents/Github/IcicleSpy3/device/install/iciclespy_msg/include/iciclespy_msg/srv/image_msg_request__type_support.cpp
[4.439s] -- Up-to-date: /home/oleg/Documents/Github/IcicleSpy3/device/install/iciclespy_msg/include/iciclespy_msg/msg
[4.439s] -- Installing: /home/oleg/Documents/Github/IcicleSpy3/device/install/iciclespy_msg/include/iciclespy_msg/msg/image_msg_request__rosidl_typesupport_introspection_cpp.hpp
[4.439s] -- Installing: /home/oleg/Documents/Github/IcicleSpy3/device/install/iciclespy_msg/include/iciclespy_msg/msg/image_msg_request__type_support.cpp
[4.439s] -- Installing: /home/oleg/Documents/Github/IcicleSpy3/device/install/iciclespy_msg/lib/libiciclespy_msg__rosidl_typesupport_introspection_cpp.so
[4.439s] -- Set runtime path of "/home/oleg/Documents/Github/IcicleSpy3/device/install/iciclespy_msg/lib/libiciclespy_msg__rosidl_typesupport_introspection_cpp.so" to ""
[4.439s] -- Up-to-date: /home/oleg/Documents/Github/IcicleSpy3/device/install/iciclespy_msg/include/iciclespy_msg
[4.439s] -- Up-to-date: /home/oleg/Documents/Github/IcicleSpy3/device/install/iciclespy_msg/include/iciclespy_msg/srv
[4.439s] -- Installing: /home/oleg/Documents/Github/IcicleSpy3/device/install/iciclespy_msg/include/iciclespy_msg/srv/image_msg_request__rosidl_typesupport_fastrtps_c.h
[4.440s] -- Up-to-date: /home/oleg/Documents/Github/IcicleSpy3/device/install/iciclespy_msg/include/iciclespy_msg/msg
[4.440s] -- Installing: /home/oleg/Documents/Github/IcicleSpy3/device/install/iciclespy_msg/include/iciclespy_msg/msg/image_msg_request__rosidl_typesupport_fastrtps_c.h
[4.440s] -- Installing: /home/oleg/Documents/Github/IcicleSpy3/device/install/iciclespy_msg/include/iciclespy_msg/msg/rosidl_typesupport_fastrtps_c__visibility_control.h
[4.440s] -- Installing: /home/oleg/Documents/Github/IcicleSpy3/device/install/iciclespy_msg/lib/libiciclespy_msg__rosidl_typesupport_fastrtps_c.so
[4.440s] -- Set runtime path of "/home/oleg/Documents/Github/IcicleSpy3/device/install/iciclespy_msg/lib/libiciclespy_msg__rosidl_typesupport_fastrtps_c.so" to ""
[4.440s] -- Up-to-date: /home/oleg/Documents/Github/IcicleSpy3/device/install/iciclespy_msg/include/iciclespy_msg
[4.440s] -- Up-to-date: /home/oleg/Documents/Github/IcicleSpy3/device/install/iciclespy_msg/include/iciclespy_msg/srv
[4.440s] -- Installing: /home/oleg/Documents/Github/IcicleSpy3/device/install/iciclespy_msg/include/iciclespy_msg/srv/image_msg_request__rosidl_typesupport_fastrtps_cpp.hpp
[4.440s] -- Installing: /home/oleg/Documents/Github/IcicleSpy3/device/install/iciclespy_msg/include/iciclespy_msg/srv/dds_fastrtps
[4.440s] -- Up-to-date: /home/oleg/Documents/Github/IcicleSpy3/device/install/iciclespy_msg/include/iciclespy_msg/msg
[4.440s] -- Installing: /home/oleg/Documents/Github/IcicleSpy3/device/install/iciclespy_msg/include/iciclespy_msg/msg/image_msg_request__rosidl_typesupport_fastrtps_cpp.hpp
[4.441s] -- Installing: /home/oleg/Documents/Github/IcicleSpy3/device/install/iciclespy_msg/include/iciclespy_msg/msg/rosidl_typesupport_fastrtps_cpp__visibility_control.h
[4.441s] -- Installing: /home/oleg/Documents/Github/IcicleSpy3/device/install/iciclespy_msg/include/iciclespy_msg/msg/dds_fastrtps
[4.441s] -- Installing: /home/oleg/Documents/Github/IcicleSpy3/device/install/iciclespy_msg/lib/libiciclespy_msg__rosidl_typesupport_fastrtps_cpp.so
[4.441s] -- Set runtime path of "/home/oleg/Documents/Github/IcicleSpy3/device/install/iciclespy_msg/lib/libiciclespy_msg__rosidl_typesupport_fastrtps_cpp.so" to ""
[4.441s] -- Installing: /home/oleg/Documents/Github/IcicleSpy3/device/install/iciclespy_msg/share/iciclespy_msg/environment/pythonpath.sh
[4.441s] -- Installing: /home/oleg/Documents/Github/IcicleSpy3/device/install/iciclespy_msg/share/iciclespy_msg/environment/pythonpath.dsv
[4.441s] -- Installing: /home/oleg/Documents/Github/IcicleSpy3/device/install/iciclespy_msg/lib/python3.6/site-packages/iciclespy_msg/__init__.py
[4.468s] Compiling '/home/oleg/Documents/Github/IcicleSpy3/device/install/iciclespy_msg/lib/python3.6/site-packages/iciclespy_msg/__init__.py'...
[4.471s] -- Installing: /home/oleg/Documents/Github/IcicleSpy3/device/install/iciclespy_msg/lib/python3.6/site-packages/iciclespy_msg/msg
[4.471s] -- Installing: /home/oleg/Documents/Github/IcicleSpy3/device/install/iciclespy_msg/lib/python3.6/site-packages/iciclespy_msg/msg/_image_msg_request.py
[4.471s] -- Installing: /home/oleg/Documents/Github/IcicleSpy3/device/install/iciclespy_msg/lib/python3.6/site-packages/iciclespy_msg/msg/_image_msg_request_s.c
[4.471s] -- Installing: /home/oleg/Documents/Github/IcicleSpy3/device/install/iciclespy_msg/lib/python3.6/site-packages/iciclespy_msg/msg/__init__.py
[4.472s] -- Installing: /home/oleg/Documents/Github/IcicleSpy3/device/install/iciclespy_msg/lib/python3.6/site-packages/iciclespy_msg/srv
[4.472s] -- Installing: /home/oleg/Documents/Github/IcicleSpy3/device/install/iciclespy_msg/lib/python3.6/site-packages/iciclespy_msg/srv/_image_msg_request.py
[4.472s] -- Installing: /home/oleg/Documents/Github/IcicleSpy3/device/install/iciclespy_msg/lib/python3.6/site-packages/iciclespy_msg/srv/_image_msg_request_s.c
[4.472s] -- Installing: /home/oleg/Documents/Github/IcicleSpy3/device/install/iciclespy_msg/lib/python3.6/site-packages/iciclespy_msg/srv/__init__.py
[4.472s] -- Installing: /home/oleg/Documents/Github/IcicleSpy3/device/install/iciclespy_msg/lib/python3.6/site-packages/iciclespy_msg/iciclespy_msg_s__rosidl_typesupport_c.cpython-36m-x86_64-linux-gnu.so
[4.472s] -- Set runtime path of "/home/oleg/Documents/Github/IcicleSpy3/device/install/iciclespy_msg/lib/python3.6/site-packages/iciclespy_msg/iciclespy_msg_s__rosidl_typesupport_c.cpython-36m-x86_64-linux-gnu.so" to ""
[4.472s] -- Installing: /home/oleg/Documents/Github/IcicleSpy3/device/install/iciclespy_msg/lib/python3.6/site-packages/iciclespy_msg/iciclespy_msg_s__rosidl_typesupport_fastrtps_c.cpython-36m-x86_64-linux-gnu.so
[4.472s] -- Set runtime path of "/home/oleg/Documents/Github/IcicleSpy3/device/install/iciclespy_msg/lib/python3.6/site-packages/iciclespy_msg/iciclespy_msg_s__rosidl_typesupport_fastrtps_c.cpython-36m-x86_64-linux-gnu.so" to ""
[4.473s] -- Installing: /home/oleg/Documents/Github/IcicleSpy3/device/install/iciclespy_msg/lib/libiciclespy_msg__python.so
[4.473s] -- Set runtime path of "/home/oleg/Documents/Github/IcicleSpy3/device/install/iciclespy_msg/lib/libiciclespy_msg__python.so" to ""
[4.473s] -- Installing: /home/oleg/Documents/Github/IcicleSpy3/device/install/iciclespy_msg/share/iciclespy_msg/msg/ImageMsgRequest.idl
[4.473s] -- Installing: /home/oleg/Documents/Github/IcicleSpy3/device/install/iciclespy_msg/share/iciclespy_msg/srv/ImageMsgRequest.idl
[4.473s] -- Installing: /home/oleg/Documents/Github/IcicleSpy3/device/install/iciclespy_msg/share/iciclespy_msg/msg/ImageMsgRequest.msg
[4.473s] -- Installing: /home/oleg/Documents/Github/IcicleSpy3/device/install/iciclespy_msg/share/iciclespy_msg/srv/ImageMsgRequest.srv
[4.473s] -- Installing: /home/oleg/Documents/Github/IcicleSpy3/device/install/iciclespy_msg/share/iciclespy_msg/srv/ImageMsgRequest_Request.msg
[4.473s] -- Installing: /home/oleg/Documents/Github/IcicleSpy3/device/install/iciclespy_msg/share/iciclespy_msg/srv/ImageMsgRequest_Response.msg
[4.473s] -- Installing: /home/oleg/Documents/Github/IcicleSpy3/device/install/iciclespy_msg/share/ament_index/resource_index/package_run_dependencies/iciclespy_msg
[4.474s] -- Installing: /home/oleg/Documents/Github/IcicleSpy3/device/install/iciclespy_msg/share/ament_index/resource_index/parent_prefix_path/iciclespy_msg
[4.474s] -- Installing: /home/oleg/Documents/Github/IcicleSpy3/device/install/iciclespy_msg/share/iciclespy_msg/environment/ament_prefix_path.sh
[4.474s] -- Installing: /home/oleg/Documents/Github/IcicleSpy3/device/install/iciclespy_msg/share/iciclespy_msg/environment/ament_prefix_path.dsv
[4.474s] -- Installing: /home/oleg/Documents/Github/IcicleSpy3/device/install/iciclespy_msg/share/iciclespy_msg/environment/path.sh
[4.474s] -- Installing: /home/oleg/Documents/Github/IcicleSpy3/device/install/iciclespy_msg/share/iciclespy_msg/environment/path.dsv
[4.474s] -- Installing: /home/oleg/Documents/Github/IcicleSpy3/device/install/iciclespy_msg/share/iciclespy_msg/local_setup.bash
[4.474s] -- Installing: /home/oleg/Documents/Github/IcicleSpy3/device/install/iciclespy_msg/share/iciclespy_msg/local_setup.sh
[4.474s] -- Installing: /home/oleg/Documents/Github/IcicleSpy3/device/install/iciclespy_msg/share/iciclespy_msg/local_setup.zsh
[4.474s] -- Installing: /home/oleg/Documents/Github/IcicleSpy3/device/install/iciclespy_msg/share/iciclespy_msg/local_setup.dsv
[4.474s] -- Installing: /home/oleg/Documents/Github/IcicleSpy3/device/install/iciclespy_msg/share/iciclespy_msg/package.dsv
[4.475s] -- Installing: /home/oleg/Documents/Github/IcicleSpy3/device/install/iciclespy_msg/share/ament_index/resource_index/packages/iciclespy_msg
[4.475s] -- Installing: /home/oleg/Documents/Github/IcicleSpy3/device/install/iciclespy_msg/share/iciclespy_msg/cmake/rosidl_cmake-extras.cmake
[4.475s] -- Installing: /home/oleg/Documents/Github/IcicleSpy3/device/install/iciclespy_msg/share/iciclespy_msg/cmake/ament_cmake_export_dependencies-extras.cmake
[4.475s] -- Installing: /home/oleg/Documents/Github/IcicleSpy3/device/install/iciclespy_msg/share/iciclespy_msg/cmake/ament_cmake_export_include_directories-extras.cmake
[4.475s] -- Installing: /home/oleg/Documents/Github/IcicleSpy3/device/install/iciclespy_msg/share/iciclespy_msg/cmake/ament_cmake_export_libraries-extras.cmake
[4.475s] -- Installing: /home/oleg/Documents/Github/IcicleSpy3/device/install/iciclespy_msg/share/iciclespy_msg/cmake/iciclespy_msgConfig.cmake
[4.475s] -- Installing: /home/oleg/Documents/Github/IcicleSpy3/device/install/iciclespy_msg/share/iciclespy_msg/cmake/iciclespy_msgConfig-version.cmake
[4.475s] -- Installing: /home/oleg/Documents/Github/IcicleSpy3/device/install/iciclespy_msg/share/iciclespy_msg/package.xml
[4.478s] Invoked command in '/home/oleg/Documents/Github/IcicleSpy3/device/build/iciclespy_msg' returned '0': CMAKE_PREFIX_PATH=/opt/ros/eloquent /usr/local/bin/cmake --install /home/oleg/Documents/Github/IcicleSpy3/device/build/iciclespy_msg
