[0.162s] DEBUG:colcon:Command line arguments: ['/usr/bin/colcon', 'build']
[0.162s] DEBUG:colcon:Parsed command line arguments: Namespace(ament_cmake_args=None, base_paths=['.'], build_base='build', catkin_cmake_args=None, catkin_skip_building_tests=False, cmake_args=None, cmake_clean_cache=False, cmake_clean_first=False, cmake_force_configure=False, cmake_target=None, cmake_target_skip_unavailable=False, continue_on_error=False, event_handlers=None, executor='parallel', ignore_user_meta=False, install_base='install', log_base=None, log_level=None, main=<bound method BuildVerb.main of <colcon_core.verb.build.BuildVerb object at 0x7fddf5985dd8>>, merge_install=False, metas=['./colcon.meta'], packages_above=None, packages_above_and_dependencies=None, packages_above_depth=None, packages_end=None, packages_ignore=None, packages_ignore_regex=None, packages_select=None, packages_select_build_failed=False, packages_select_by_dep=None, packages_select_regex=None, packages_select_test_failures=False, packages_skip=None, packages_skip_build_finished=False, packages_skip_by_dep=None, packages_skip_regex=None, packages_skip_test_passed=False, packages_skip_up_to=None, packages_start=None, packages_up_to=None, packages_up_to_regex=None, parallel_workers=8, paths=None, symlink_install=False, test_result_base=None, verb_extension=<colcon_core.verb.build.BuildVerb object at 0x7fddf5985dd8>, verb_name='build', verb_parser=<colcon_defaults.argument_parser.defaults.DefaultArgumentsDecorator object at 0x7fddf5990400>)
[0.166s] Level 1:colcon.colcon_core.package_discovery:discover_packages(colcon_meta) check parameters
[0.166s] Level 1:colcon.colcon_core.package_discovery:discover_packages(recursive) check parameters
[0.166s] Level 1:colcon.colcon_core.package_discovery:discover_packages(ignore) check parameters
[0.166s] Level 1:colcon.colcon_core.package_discovery:discover_packages(path) check parameters
[0.167s] Level 1:colcon.colcon_core.package_discovery:discover_packages(colcon_meta) discover
[0.167s] Level 1:colcon.colcon_core.package_discovery:discover_packages(recursive) discover
[0.167s] INFO:colcon.colcon_core.package_discovery:Crawling recursively for packages in '/home/oleg/Documents/Github/IcicleSpy3/device'
[0.167s] Level 1:colcon.colcon_core.package_identification:_identify(.) by extensions ['ignore', 'ignore_ament_install']
[0.167s] Level 1:colcon.colcon_core.package_identification:_identify(.) by extension 'ignore'
[0.167s] Level 1:colcon.colcon_core.package_identification:_identify(.) by extension 'ignore_ament_install'
[0.167s] Level 1:colcon.colcon_core.package_identification:_identify(.) by extensions ['colcon_pkg']
[0.167s] Level 1:colcon.colcon_core.package_identification:_identify(.) by extension 'colcon_pkg'
[0.167s] Level 1:colcon.colcon_core.package_identification:_identify(.) by extensions ['colcon_meta']
[0.167s] Level 1:colcon.colcon_core.package_identification:_identify(.) by extension 'colcon_meta'
[0.167s] Level 1:colcon.colcon_core.package_identification:_identify(.) by extensions ['ros']
[0.167s] Level 1:colcon.colcon_core.package_identification:_identify(.) by extension 'ros'
[0.177s] Level 1:colcon.colcon_core.package_identification:_identify(.) by extensions ['cmake', 'python']
[0.177s] Level 1:colcon.colcon_core.package_identification:_identify(.) by extension 'cmake'
[0.177s] Level 1:colcon.colcon_core.package_identification:_identify(.) by extension 'python'
[0.177s] Level 1:colcon.colcon_core.package_identification:_identify(.) by extensions ['python_setup_py']
[0.177s] Level 1:colcon.colcon_core.package_identification:_identify(.) by extension 'python_setup_py'
[0.177s] Level 1:colcon.colcon_core.package_identification:_identify(build) by extensions ['ignore', 'ignore_ament_install']
[0.177s] Level 1:colcon.colcon_core.package_identification:_identify(build) by extension 'ignore'
[0.177s] Level 1:colcon.colcon_core.package_identification:_identify(build) ignored
[0.178s] Level 1:colcon.colcon_core.package_identification:_identify(install) by extensions ['ignore', 'ignore_ament_install']
[0.178s] Level 1:colcon.colcon_core.package_identification:_identify(install) by extension 'ignore'
[0.178s] Level 1:colcon.colcon_core.package_identification:_identify(install) ignored
[0.178s] Level 1:colcon.colcon_core.package_identification:_identify(log) by extensions ['ignore', 'ignore_ament_install']
[0.178s] Level 1:colcon.colcon_core.package_identification:_identify(log) by extension 'ignore'
[0.178s] Level 1:colcon.colcon_core.package_identification:_identify(log) ignored
[0.178s] Level 1:colcon.colcon_core.package_identification:_identify(src) by extensions ['ignore', 'ignore_ament_install']
[0.178s] Level 1:colcon.colcon_core.package_identification:_identify(src) by extension 'ignore'
[0.178s] Level 1:colcon.colcon_core.package_identification:_identify(src) by extension 'ignore_ament_install'
[0.178s] Level 1:colcon.colcon_core.package_identification:_identify(src) by extensions ['colcon_pkg']
[0.178s] Level 1:colcon.colcon_core.package_identification:_identify(src) by extension 'colcon_pkg'
[0.178s] Level 1:colcon.colcon_core.package_identification:_identify(src) by extensions ['colcon_meta']
[0.178s] Level 1:colcon.colcon_core.package_identification:_identify(src) by extension 'colcon_meta'
[0.178s] Level 1:colcon.colcon_core.package_identification:_identify(src) by extensions ['ros']
[0.178s] Level 1:colcon.colcon_core.package_identification:_identify(src) by extension 'ros'
[0.178s] Level 1:colcon.colcon_core.package_identification:_identify(src) by extensions ['cmake', 'python']
[0.178s] Level 1:colcon.colcon_core.package_identification:_identify(src) by extension 'cmake'
[0.179s] Level 1:colcon.colcon_core.package_identification:_identify(src) by extension 'python'
[0.179s] Level 1:colcon.colcon_core.package_identification:_identify(src) by extensions ['python_setup_py']
[0.179s] Level 1:colcon.colcon_core.package_identification:_identify(src) by extension 'python_setup_py'
[0.179s] Level 1:colcon.colcon_core.package_identification:_identify(src/iciclespy_msg) by extensions ['ignore', 'ignore_ament_install']
[0.179s] Level 1:colcon.colcon_core.package_identification:_identify(src/iciclespy_msg) by extension 'ignore'
[0.179s] Level 1:colcon.colcon_core.package_identification:_identify(src/iciclespy_msg) by extension 'ignore_ament_install'
[0.179s] Level 1:colcon.colcon_core.package_identification:_identify(src/iciclespy_msg) by extensions ['colcon_pkg']
[0.179s] Level 1:colcon.colcon_core.package_identification:_identify(src/iciclespy_msg) by extension 'colcon_pkg'
[0.179s] Level 1:colcon.colcon_core.package_identification:_identify(src/iciclespy_msg) by extensions ['colcon_meta']
[0.179s] Level 1:colcon.colcon_core.package_identification:_identify(src/iciclespy_msg) by extension 'colcon_meta'
[0.179s] Level 1:colcon.colcon_core.package_identification:_identify(src/iciclespy_msg) by extensions ['ros']
[0.179s] Level 1:colcon.colcon_core.package_identification:_identify(src/iciclespy_msg) by extension 'ros'
[0.181s] DEBUG:colcon.colcon_core.package_identification:Package 'src/iciclespy_msg' with type 'ros.ament_cmake' and name 'iciclespy_msg'
[0.181s] Level 1:colcon.colcon_core.package_identification:_identify(src/iciclespy_web_cam) by extensions ['ignore', 'ignore_ament_install']
[0.181s] Level 1:colcon.colcon_core.package_identification:_identify(src/iciclespy_web_cam) by extension 'ignore'
[0.181s] Level 1:colcon.colcon_core.package_identification:_identify(src/iciclespy_web_cam) by extension 'ignore_ament_install'
[0.181s] Level 1:colcon.colcon_core.package_identification:_identify(src/iciclespy_web_cam) by extensions ['colcon_pkg']
[0.181s] Level 1:colcon.colcon_core.package_identification:_identify(src/iciclespy_web_cam) by extension 'colcon_pkg'
[0.181s] Level 1:colcon.colcon_core.package_identification:_identify(src/iciclespy_web_cam) by extensions ['colcon_meta']
[0.181s] Level 1:colcon.colcon_core.package_identification:_identify(src/iciclespy_web_cam) by extension 'colcon_meta'
[0.181s] Level 1:colcon.colcon_core.package_identification:_identify(src/iciclespy_web_cam) by extensions ['ros']
[0.181s] Level 1:colcon.colcon_core.package_identification:_identify(src/iciclespy_web_cam) by extension 'ros'
[0.182s] DEBUG:colcon.colcon_core.package_identification:Package 'src/iciclespy_web_cam' with type 'ros.ament_python' and name 'iciclespy_web_cam'
[0.182s] Level 1:colcon.colcon_core.package_discovery:discover_packages(recursive) using defaults
[0.182s] Level 1:colcon.colcon_core.package_discovery:discover_packages(ignore) discover
[0.182s] Level 1:colcon.colcon_core.package_discovery:discover_packages(ignore) using defaults
[0.182s] Level 1:colcon.colcon_core.package_discovery:discover_packages(path) discover
[0.182s] Level 1:colcon.colcon_core.package_discovery:discover_packages(path) using defaults
[0.203s] Level 5:colcon.colcon_core.verb:set package 'iciclespy_msg' build argument 'cmake_args' from command line to 'None'
[0.203s] Level 5:colcon.colcon_core.verb:set package 'iciclespy_msg' build argument 'cmake_target' from command line to 'None'
[0.203s] Level 5:colcon.colcon_core.verb:set package 'iciclespy_msg' build argument 'cmake_target_skip_unavailable' from command line to 'False'
[0.203s] Level 5:colcon.colcon_core.verb:set package 'iciclespy_msg' build argument 'cmake_clean_cache' from command line to 'False'
[0.203s] Level 5:colcon.colcon_core.verb:set package 'iciclespy_msg' build argument 'cmake_clean_first' from command line to 'False'
[0.203s] Level 5:colcon.colcon_core.verb:set package 'iciclespy_msg' build argument 'cmake_force_configure' from command line to 'False'
[0.203s] Level 5:colcon.colcon_core.verb:set package 'iciclespy_msg' build argument 'ament_cmake_args' from command line to 'None'
[0.203s] Level 5:colcon.colcon_core.verb:set package 'iciclespy_msg' build argument 'catkin_cmake_args' from command line to 'None'
[0.204s] Level 5:colcon.colcon_core.verb:set package 'iciclespy_msg' build argument 'catkin_skip_building_tests' from command line to 'False'
[0.204s] DEBUG:colcon.colcon_core.verb:Building package 'iciclespy_msg' with the following arguments: {'ament_cmake_args': None, 'build_base': '/home/oleg/Documents/Github/IcicleSpy3/device/build/iciclespy_msg', 'catkin_cmake_args': None, 'catkin_skip_building_tests': False, 'cmake_args': None, 'cmake_clean_cache': False, 'cmake_clean_first': False, 'cmake_force_configure': False, 'cmake_target': None, 'cmake_target_skip_unavailable': False, 'install_base': '/home/oleg/Documents/Github/IcicleSpy3/device/install/iciclespy_msg', 'merge_install': False, 'path': '/home/oleg/Documents/Github/IcicleSpy3/device/src/iciclespy_msg', 'symlink_install': False, 'test_result_base': None}
[0.207s] Level 5:colcon.colcon_core.verb:set package 'iciclespy_web_cam' build argument 'cmake_args' from command line to 'None'
[0.207s] Level 5:colcon.colcon_core.verb:set package 'iciclespy_web_cam' build argument 'cmake_target' from command line to 'None'
[0.207s] Level 5:colcon.colcon_core.verb:set package 'iciclespy_web_cam' build argument 'cmake_target_skip_unavailable' from command line to 'False'
[0.207s] Level 5:colcon.colcon_core.verb:set package 'iciclespy_web_cam' build argument 'cmake_clean_cache' from command line to 'False'
[0.207s] Level 5:colcon.colcon_core.verb:set package 'iciclespy_web_cam' build argument 'cmake_clean_first' from command line to 'False'
[0.207s] Level 5:colcon.colcon_core.verb:set package 'iciclespy_web_cam' build argument 'cmake_force_configure' from command line to 'False'
[0.207s] Level 5:colcon.colcon_core.verb:set package 'iciclespy_web_cam' build argument 'ament_cmake_args' from command line to 'None'
[0.207s] Level 5:colcon.colcon_core.verb:set package 'iciclespy_web_cam' build argument 'catkin_cmake_args' from command line to 'None'
[0.207s] Level 5:colcon.colcon_core.verb:set package 'iciclespy_web_cam' build argument 'catkin_skip_building_tests' from command line to 'False'
[0.207s] DEBUG:colcon.colcon_core.verb:Building package 'iciclespy_web_cam' with the following arguments: {'ament_cmake_args': None, 'build_base': '/home/oleg/Documents/Github/IcicleSpy3/device/build/iciclespy_web_cam', 'catkin_cmake_args': None, 'catkin_skip_building_tests': False, 'cmake_args': None, 'cmake_clean_cache': False, 'cmake_clean_first': False, 'cmake_force_configure': False, 'cmake_target': None, 'cmake_target_skip_unavailable': False, 'install_base': '/home/oleg/Documents/Github/IcicleSpy3/device/install/iciclespy_web_cam', 'merge_install': False, 'path': '/home/oleg/Documents/Github/IcicleSpy3/device/src/iciclespy_web_cam', 'symlink_install': False, 'test_result_base': None}
[0.207s] INFO:colcon.colcon_core.executor:Executing jobs using 'parallel' executor
[0.209s] DEBUG:colcon.colcon_parallel_executor.executor.parallel:run_until_complete
[0.209s] INFO:colcon.colcon_ros.task.ament_cmake.build:Building ROS package in '/home/oleg/Documents/Github/IcicleSpy3/device/src/iciclespy_msg' with build type 'ament_cmake'
[0.209s] INFO:colcon.colcon_cmake.task.cmake.build:Building CMake package in '/home/oleg/Documents/Github/IcicleSpy3/device/src/iciclespy_msg'
[0.213s] INFO:colcon.colcon_core.plugin_system:Skipping extension 'colcon_core.shell.bat': Not used on non-Windows systems
[0.213s] INFO:colcon.colcon_core.shell:Skip shell extension 'powershell' for command environment: Not usable outside of PowerShell
[0.213s] DEBUG:colcon.colcon_core.shell:Skip shell extension 'dsv' for command environment
[0.216s] DEBUG:colcon.colcon_core.shell:Ignoring prefix path '/opt/ros/eloquent'
[0.218s] INFO:colcon.colcon_ros.task.ament_python.build:Building ROS package in '/home/oleg/Documents/Github/IcicleSpy3/device/src/iciclespy_web_cam' with build type 'ament_python'
[0.218s] Level 1:colcon.colcon_core.shell:create_environment_hook('iciclespy_web_cam', 'ament_prefix_path')
[0.219s] INFO:colcon.colcon_core.shell:Creating environment hook '/home/oleg/Documents/Github/IcicleSpy3/device/install/iciclespy_web_cam/share/iciclespy_web_cam/hook/ament_prefix_path.ps1'
[0.220s] INFO:colcon.colcon_core.shell:Creating environment descriptor '/home/oleg/Documents/Github/IcicleSpy3/device/install/iciclespy_web_cam/share/iciclespy_web_cam/hook/ament_prefix_path.dsv'
[0.220s] INFO:colcon.colcon_core.shell:Creating environment hook '/home/oleg/Documents/Github/IcicleSpy3/device/install/iciclespy_web_cam/share/iciclespy_web_cam/hook/ament_prefix_path.sh'
[0.221s] INFO:colcon.colcon_core.shell:Skip shell extension 'powershell' for command environment: Not usable outside of PowerShell
[0.221s] DEBUG:colcon.colcon_core.shell:Skip shell extension 'dsv' for command environment
[0.232s] DEBUG:colcon.colcon_core.shell:Ignoring prefix path '/opt/ros/eloquent'
[0.242s] DEBUG:colcon.colcon_core.event_handler.log_command:Invoking command in '/home/oleg/Documents/Github/IcicleSpy3/device/build/iciclespy_msg': CMAKE_PREFIX_PATH=/opt/ros/eloquent /usr/local/bin/cmake --build /home/oleg/Documents/Github/IcicleSpy3/device/build/iciclespy_msg -- -j8 -l8
[0.475s] INFO:colcon.colcon_core.task.python.build:Building Python package in '/home/oleg/Documents/Github/IcicleSpy3/device/src/iciclespy_web_cam'
[0.476s] INFO:colcon.colcon_core.shell:Skip shell extension 'powershell' for command environment: Not usable outside of PowerShell
[0.476s] DEBUG:colcon.colcon_core.shell:Skip shell extension 'dsv' for command environment
[0.477s] DEBUG:colcon.colcon_core.shell:Ignoring prefix path '/opt/ros/eloquent'
[0.481s] DEBUG:colcon.colcon_core.event_handler.log_command:Invoked command in '/home/oleg/Documents/Github/IcicleSpy3/device/build/iciclespy_msg' returned '2': CMAKE_PREFIX_PATH=/opt/ros/eloquent /usr/local/bin/cmake --build /home/oleg/Documents/Github/IcicleSpy3/device/build/iciclespy_msg -- -j8 -l8
[0.487s] DEBUG:colcon.colcon_core.event_handler.log_command:Invoking command in '/home/oleg/Documents/Github/IcicleSpy3/device/src/iciclespy_web_cam': PYTHONPATH=/home/oleg/Documents/Github/IcicleSpy3/device/install/iciclespy_web_cam/lib/python3.6/site-packages:${PYTHONPATH} /usr/bin/python3 setup.py egg_info --egg-base ../../build/iciclespy_web_cam build --build-base /home/oleg/Documents/Github/IcicleSpy3/device/build/iciclespy_web_cam/build install --prefix /home/oleg/Documents/Github/IcicleSpy3/device/install/iciclespy_web_cam --record /home/oleg/Documents/Github/IcicleSpy3/device/build/iciclespy_web_cam/install.log --single-version-externally-managed
[0.534s] Level 1:colcon.colcon_core.environment:create_environment_scripts_only(iciclespy_msg)
[0.537s] Level 1:colcon.colcon_core.environment:checking '/home/oleg/Documents/Github/IcicleSpy3/device/install/iciclespy_msg' for CMake module files
[0.537s] Level 1:colcon.colcon_core.environment:checking '/home/oleg/Documents/Github/IcicleSpy3/device/install/iciclespy_msg' for CMake config files
[0.538s] Level 1:colcon.colcon_core.environment:checking '/home/oleg/Documents/Github/IcicleSpy3/device/install/iciclespy_msg/bin'
[0.538s] Level 1:colcon.colcon_core.environment:checking '/home/oleg/Documents/Github/IcicleSpy3/device/install/iciclespy_msg/lib/pkgconfig/iciclespy_msg.pc'
[0.538s] Level 1:colcon.colcon_core.environment:checking '/home/oleg/Documents/Github/IcicleSpy3/device/install/iciclespy_msg/lib/python3.6/site-packages'
[0.539s] INFO:colcon.colcon_core.shell:Creating package script '/home/oleg/Documents/Github/IcicleSpy3/device/install/iciclespy_msg/share/iciclespy_msg/package.ps1'
[0.540s] INFO:colcon.colcon_core.shell:Creating package descriptor '/home/oleg/Documents/Github/IcicleSpy3/device/install/iciclespy_msg/share/iciclespy_msg/package.dsv'
[0.540s] INFO:colcon.colcon_core.shell:Creating package script '/home/oleg/Documents/Github/IcicleSpy3/device/install/iciclespy_msg/share/iciclespy_msg/package.sh'
[0.541s] INFO:colcon.colcon_core.shell:Creating package script '/home/oleg/Documents/Github/IcicleSpy3/device/install/iciclespy_msg/share/iciclespy_msg/package.bash'
[0.542s] INFO:colcon.colcon_core.shell:Creating package script '/home/oleg/Documents/Github/IcicleSpy3/device/install/iciclespy_msg/share/iciclespy_msg/package.zsh'
[0.542s] Level 1:colcon.colcon_core.environment:create_file_with_runtime_dependencies(/home/oleg/Documents/Github/IcicleSpy3/device/install/iciclespy_msg/share/colcon-core/packages/iciclespy_msg)
[0.782s] DEBUG:colcon.colcon_parallel_executor.executor.parallel:closing loop
[0.783s] DEBUG:colcon.colcon_parallel_executor.executor.parallel:loop closed
[0.783s] DEBUG:colcon.colcon_parallel_executor.executor.parallel:run_until_complete finished with '2'
[0.783s] DEBUG:colcon.colcon_core.event_reactor:joining thread
[0.788s] INFO:colcon.colcon_core.plugin_system:Skipping extension 'colcon_notification.desktop_notification.terminal_notifier': Not used on non-Darwin systems
[0.788s] INFO:colcon.colcon_core.plugin_system:Skipping extension 'colcon_notification.desktop_notification.win32': Not used on non-Windows systems
[0.788s] INFO:colcon.colcon_notification.desktop_notification:Sending desktop notification using 'notify2'
[0.790s] DEBUG:colcon.colcon_core.event_reactor:joined thread
[0.790s] INFO:colcon.colcon_core.shell:Creating prefix script '/home/oleg/Documents/Github/IcicleSpy3/device/install/local_setup.ps1'
[0.791s] INFO:colcon.colcon_core.shell:Creating prefix util module '/home/oleg/Documents/Github/IcicleSpy3/device/install/_local_setup_util_ps1.py'
[0.793s] INFO:colcon.colcon_core.shell:Creating prefix chain script '/home/oleg/Documents/Github/IcicleSpy3/device/install/setup.ps1'
[0.795s] INFO:colcon.colcon_core.shell:Creating prefix script '/home/oleg/Documents/Github/IcicleSpy3/device/install/local_setup.sh'
[0.795s] INFO:colcon.colcon_core.shell:Creating prefix util module '/home/oleg/Documents/Github/IcicleSpy3/device/install/_local_setup_util_sh.py'
[0.796s] INFO:colcon.colcon_core.shell:Creating prefix chain script '/home/oleg/Documents/Github/IcicleSpy3/device/install/setup.sh'
[0.798s] INFO:colcon.colcon_core.shell:Creating prefix script '/home/oleg/Documents/Github/IcicleSpy3/device/install/local_setup.bash'
[0.798s] INFO:colcon.colcon_core.shell:Creating prefix chain script '/home/oleg/Documents/Github/IcicleSpy3/device/install/setup.bash'
[0.800s] INFO:colcon.colcon_core.shell:Creating prefix script '/home/oleg/Documents/Github/IcicleSpy3/device/install/local_setup.zsh'
[0.801s] INFO:colcon.colcon_core.shell:Creating prefix chain script '/home/oleg/Documents/Github/IcicleSpy3/device/install/setup.zsh'
