CMake Error at /opt/ros/eloquent/share/rosidl_adapter/cmake/rosidl_adapt_interfaces.cmake:60 (message):
  execute_process(/usr/bin/python3 -m rosidl_adapter --package-name
  iciclespy_msg --arguments-file
  /home/oleg/Documents/Github/IcicleSpy3/device/build/iciclespy_msg/rosidl_adapter__arguments__iciclespy_msg.json
  --output-dir
  /home/oleg/Documents/Github/IcicleSpy3/device/build/iciclespy_msg/rosidl_adapter/iciclespy_msg
  --output-file
  /home/oleg/Documents/Github/IcicleSpy3/device/build/iciclespy_msg/rosidl_adapter/iciclespy_msg.idls)
  returned error code 1:

  Error processing 'sensor_msg/msg/Image image' of
  'iciclespy_msg/ImageMsgRequest_Response': 'sensor_msg/msg/Image'

  Traceback (most recent call last):

    File "/usr/lib/python3.6/runpy.py", line 193, in _run_module_as_main
      "__main__", mod_spec)
    File "/usr/lib/python3.6/runpy.py", line 85, in _run_code
      exec(code, run_globals)
    File "/opt/ros/eloquent/lib/python3.6/site-packages/rosidl_adapter/__main__.py", line 19, in <module>
      sys.exit(main())
    File "/opt/ros/eloquent/lib/python3.6/site-packages/rosidl_adapter/main.py", line 55, in main
      pathlib.Path(relative_path), output_dir)
    File "/opt/ros/eloquent/lib/python3.6/site-packages/rosidl_adapter/__init__.py", line 25, in convert_to_idl
      package_dir, package_name, interface_file, output_dir / 'srv')
    File "/opt/ros/eloquent/lib/python3.6/site-packages/rosidl_adapter/srv/__init__.py", line 28, in convert_srv_to_idl
      srv = parse_service_string(package_name, input_file.stem, content)
    File "/opt/ros/eloquent/lib/python3.6/site-packages/rosidl_adapter/parser.py", line 841, in parse_service_string
      pkg_name, srv_name + SERVICE_RESPONSE_MESSAGE_SUFFIX, response_message_string)
    File "/opt/ros/eloquent/lib/python3.6/site-packages/rosidl_adapter/parser.py", line 507, in parse_message_string
      Type(type_string, context_package_name=pkg_name),
    File "/opt/ros/eloquent/lib/python3.6/site-packages/rosidl_adapter/parser.py", line 272, in __init__
      context_package_name=context_package_name)
    File "/opt/ros/eloquent/lib/python3.6/site-packages/rosidl_adapter/parser.py", line 183, in __init__
      raise InvalidResourceName(type_string)

  rosidl_adapter.parser.InvalidResourceName: sensor_msg/msg/Image

Call Stack (most recent call first):
  /opt/ros/eloquent/share/rosidl_cmake/cmake/rosidl_generate_interfaces.cmake:130 (rosidl_adapt_interfaces)
  CMakeLists.txt:26 (rosidl_generate_interfaces)


