[0.030s] Invoking command in '/home/oleg/Documents/Github/IcicleSpy3/device/build/iciclespy_msg': CMAKE_PREFIX_PATH=/opt/ros/eloquent /usr/local/bin/cmake /home/oleg/Documents/Github/IcicleSpy3/device/src/iciclespy_msg -DCMAKE_INSTALL_PREFIX=/home/oleg/Documents/Github/IcicleSpy3/device/install/iciclespy_msg
[0.041s] -- Found ament_cmake: 0.8.2 (/opt/ros/eloquent/share/ament_cmake/cmake)
[0.063s] -- Found PythonInterp: /usr/bin/python3 (found suitable version "3.6.9", minimum required is "3") 
[0.063s] -- Using PYTHON_EXECUTABLE: /usr/bin/python3
[0.253s] -- Found std_msgs: 0.8.1 (/opt/ros/eloquent/share/std_msgs/cmake)
[0.259s] -- Found rosidl_adapter: 0.8.2 (/opt/ros/eloquent/share/rosidl_adapter/cmake)
[0.281s] -- Found rosidl_default_generators: 0.8.0 (/opt/ros/eloquent/share/rosidl_default_generators/cmake)
[0.375s] -- Found PythonInterp: /usr/bin/python3 (found version "3.6.9") 
[0.483s] CMake Error at /opt/ros/eloquent/share/rosidl_adapter/cmake/rosidl_adapt_interfaces.cmake:60 (message):
[0.483s]   execute_process(/usr/bin/python3 -m rosidl_adapter --package-name
[0.483s]   iciclespy_msg --arguments-file
[0.483s]   /home/oleg/Documents/Github/IcicleSpy3/device/build/iciclespy_msg/rosidl_adapter__arguments__iciclespy_msg.json
[0.483s]   --output-dir
[0.483s]   /home/oleg/Documents/Github/IcicleSpy3/device/build/iciclespy_msg/rosidl_adapter/iciclespy_msg
[0.484s]   --output-file
[0.484s]   /home/oleg/Documents/Github/IcicleSpy3/device/build/iciclespy_msg/rosidl_adapter/iciclespy_msg.idls)
[0.484s]   returned error code 1:
[0.484s] 
[0.484s]   Error processing 'sensor_msg/msg/Image image' of
[0.484s]   'iciclespy_msg/ImageMsgRequest_Response': 'sensor_msg/msg/Image'
[0.484s] 
[0.484s]   Traceback (most recent call last):
[0.484s] 
[0.484s]     File "/usr/lib/python3.6/runpy.py", line 193, in _run_module_as_main
[0.484s]       "__main__", mod_spec)
[0.485s]     File "/usr/lib/python3.6/runpy.py", line 85, in _run_code
[0.485s]       exec(code, run_globals)
[0.485s]     File "/opt/ros/eloquent/lib/python3.6/site-packages/rosidl_adapter/__main__.py", line 19, in <module>
[0.485s]       sys.exit(main())
[0.485s]     File "/opt/ros/eloquent/lib/python3.6/site-packages/rosidl_adapter/main.py", line 55, in main
[0.485s]       pathlib.Path(relative_path), output_dir)
[0.485s]     File "/opt/ros/eloquent/lib/python3.6/site-packages/rosidl_adapter/__init__.py", line 25, in convert_to_idl
[0.485s]       package_dir, package_name, interface_file, output_dir / 'srv')
[0.485s]     File "/opt/ros/eloquent/lib/python3.6/site-packages/rosidl_adapter/srv/__init__.py", line 28, in convert_srv_to_idl
[0.485s]       srv = parse_service_string(package_name, input_file.stem, content)
[0.486s]     File "/opt/ros/eloquent/lib/python3.6/site-packages/rosidl_adapter/parser.py", line 841, in parse_service_string
[0.486s]       pkg_name, srv_name + SERVICE_RESPONSE_MESSAGE_SUFFIX, response_message_string)
[0.486s]     File "/opt/ros/eloquent/lib/python3.6/site-packages/rosidl_adapter/parser.py", line 507, in parse_message_string
[0.486s]       Type(type_string, context_package_name=pkg_name),
[0.486s]     File "/opt/ros/eloquent/lib/python3.6/site-packages/rosidl_adapter/parser.py", line 272, in __init__
[0.486s]       context_package_name=context_package_name)
[0.486s]     File "/opt/ros/eloquent/lib/python3.6/site-packages/rosidl_adapter/parser.py", line 183, in __init__
[0.486s]       raise InvalidResourceName(type_string)
[0.486s] 
[0.486s]   rosidl_adapter.parser.InvalidResourceName: sensor_msg/msg/Image
[0.487s] 
[0.487s] Call Stack (most recent call first):
[0.487s]   /opt/ros/eloquent/share/rosidl_cmake/cmake/rosidl_generate_interfaces.cmake:130 (rosidl_adapt_interfaces)
[0.487s]   CMakeLists.txt:26 (rosidl_generate_interfaces)
[0.487s] 
[0.487s] 
[0.488s] -- Configuring incomplete, errors occurred!
[0.488s] See also "/home/oleg/Documents/Github/IcicleSpy3/device/build/iciclespy_msg/CMakeFiles/CMakeOutput.log".
[0.488s] Invoked command in '/home/oleg/Documents/Github/IcicleSpy3/device/build/iciclespy_msg' returned '1': CMAKE_PREFIX_PATH=/opt/ros/eloquent /usr/local/bin/cmake /home/oleg/Documents/Github/IcicleSpy3/device/src/iciclespy_msg -DCMAKE_INSTALL_PREFIX=/home/oleg/Documents/Github/IcicleSpy3/device/install/iciclespy_msg
