[0.268s] Invoking command in '/home/oleg/Documents/Github/IcicleSpy3/device/src/iciclespy_web_cam': PYTHONPATH=/home/oleg/Documents/Github/IcicleSpy3/device/install/iciclespy_web_cam/lib/python3.6/site-packages:${PYTHONPATH} /usr/bin/python3 setup.py egg_info --egg-base ../../build/iciclespy_web_cam build --build-base /home/oleg/Documents/Github/IcicleSpy3/device/build/iciclespy_web_cam/build install --prefix /home/oleg/Documents/Github/IcicleSpy3/device/install/iciclespy_web_cam --record /home/oleg/Documents/Github/IcicleSpy3/device/build/iciclespy_web_cam/install.log --single-version-externally-managed
[0.493s] running egg_info
[0.494s] writing ../../build/iciclespy_web_cam/iciclespy_web_cam.egg-info/PKG-INFO
[0.494s] writing dependency_links to ../../build/iciclespy_web_cam/iciclespy_web_cam.egg-info/dependency_links.txt
[0.494s] writing entry points to ../../build/iciclespy_web_cam/iciclespy_web_cam.egg-info/entry_points.txt
[0.494s] writing requirements to ../../build/iciclespy_web_cam/iciclespy_web_cam.egg-info/requires.txt
[0.494s] writing top-level names to ../../build/iciclespy_web_cam/iciclespy_web_cam.egg-info/top_level.txt
[0.520s] reading manifest file '../../build/iciclespy_web_cam/iciclespy_web_cam.egg-info/SOURCES.txt'
[0.521s] writing manifest file '../../build/iciclespy_web_cam/iciclespy_web_cam.egg-info/SOURCES.txt'
[0.521s] running build
[0.521s] running build_py
[0.521s] running install
[0.521s] running install_lib
[0.523s] running install_data
[0.523s] running install_egg_info
[0.526s] removing '/home/oleg/Documents/Github/IcicleSpy3/device/install/iciclespy_web_cam/lib/python3.6/site-packages/iciclespy_web_cam-0.0.0-py3.6.egg-info' (and everything under it)
[0.526s] Copying ../../build/iciclespy_web_cam/iciclespy_web_cam.egg-info to /home/oleg/Documents/Github/IcicleSpy3/device/install/iciclespy_web_cam/lib/python3.6/site-packages/iciclespy_web_cam-0.0.0-py3.6.egg-info
[0.527s] running install_scripts
[0.547s] writing list of installed files to '/home/oleg/Documents/Github/IcicleSpy3/device/build/iciclespy_web_cam/install.log'
[0.564s] Invoked command in '/home/oleg/Documents/Github/IcicleSpy3/device/src/iciclespy_web_cam' returned '0': PYTHONPATH=/home/oleg/Documents/Github/IcicleSpy3/device/install/iciclespy_web_cam/lib/python3.6/site-packages:${PYTHONPATH} /usr/bin/python3 setup.py egg_info --egg-base ../../build/iciclespy_web_cam build --build-base /home/oleg/Documents/Github/IcicleSpy3/device/build/iciclespy_web_cam/build install --prefix /home/oleg/Documents/Github/IcicleSpy3/device/install/iciclespy_web_cam --record /home/oleg/Documents/Github/IcicleSpy3/device/build/iciclespy_web_cam/install.log --single-version-externally-managed
