-- Found ament_cmake: 0.8.2 (/opt/ros/eloquent/share/ament_cmake/cmake)
-- Using PYTHON_EXECUTABLE: /usr/bin/python3
-- Found std_msgs: 0.8.1 (/opt/ros/eloquent/share/std_msgs/cmake)
-- Found rosidl_adapter: 0.8.2 (/opt/ros/eloquent/share/rosidl_adapter/cmake)
-- Found rosidl_default_generators: 0.8.0 (/opt/ros/eloquent/share/rosidl_default_generators/cmake)
-- Found PythonInterp: /usr/bin/python3 (found version "3.6.9") 
CMake Error at /opt/ros/eloquent/share/rosidl_adapter/cmake/rosidl_adapt_interfaces.cmake:60 (message):
  execute_process(/usr/bin/python3 -m rosidl_adapter --package-name
  iciclespy_msg --arguments-file
  /home/oleg/Documents/Github/IcicleSpy3/device/build/iciclespy_msg/rosidl_adapter__arguments__iciclespy_msg.json
  --output-dir
  /home/oleg/Documents/Github/IcicleSpy3/device/build/iciclespy_msg/rosidl_adapter/iciclespy_msg
  --output-file
  /home/oleg/Documents/Github/IcicleSpy3/device/build/iciclespy_msg/rosidl_adapter/iciclespy_msg.idls)
  returned error code 1:

  Error processing 'sensor_msg/msg/Image image' of
  'iciclespy_msg/ImageMsgRequest': 'sensor_msg/msg/Image'

  Traceback (most recent call last):

    File "/usr/lib/python3.6/runpy.py", line 193, in _run_module_as_main
      "__main__", mod_spec)
    File "/usr/lib/python3.6/runpy.py", line 85, in _run_code
      exec(code, run_globals)
    File "/opt/ros/eloquent/lib/python3.6/site-packages/rosidl_adapter/__main__.py", line 19, in <module>
      sys.exit(main())
    File "/opt/ros/eloquent/lib/python3.6/site-packages/rosidl_adapter/main.py", line 55, in main
      pathlib.Path(relative_path), output_dir)
    File "/opt/ros/eloquent/lib/python3.6/site-packages/rosidl_adapter/__init__.py", line 20, in convert_to_idl
      package_dir, package_name, interface_file, output_dir / 'msg')
    File "/opt/ros/eloquent/lib/python3.6/site-packages/rosidl_adapter/msg/__init__.py", line 28, in convert_msg_to_idl
      msg = parse_message_string(package_name, input_file.stem, content)
    File "/opt/ros/eloquent/lib/python3.6/site-packages/rosidl_adapter/parser.py", line 507, in parse_message_string
      Type(type_string, context_package_name=pkg_name),
    File "/opt/ros/eloquent/lib/python3.6/site-packages/rosidl_adapter/parser.py", line 272, in __init__
      context_package_name=context_package_name)
    File "/opt/ros/eloquent/lib/python3.6/site-packages/rosidl_adapter/parser.py", line 183, in __init__
      raise InvalidResourceName(type_string)

  rosidl_adapter.parser.InvalidResourceName: sensor_msg/msg/Image

Call Stack (most recent call first):
  /opt/ros/eloquent/share/rosidl_cmake/cmake/rosidl_generate_interfaces.cmake:130 (rosidl_adapt_interfaces)
  CMakeLists.txt:26 (rosidl_generate_interfaces)


-- Configuring incomplete, errors occurred!
See also "/home/oleg/Documents/Github/IcicleSpy3/device/build/iciclespy_msg/CMakeFiles/CMakeOutput.log".
