-- Found ament_cmake: 0.8.2 (/opt/ros/eloquent/share/ament_cmake/cmake)
-- Using PYTHON_EXECUTABLE: /usr/bin/python3
-- Found rosidl_default_generators: 0.8.0 (/opt/ros/eloquent/share/rosidl_default_generators/cmake)
-- Found rosidl_adapter: 0.8.2 (/opt/ros/eloquent/share/rosidl_adapter/cmake)
-- Found PythonInterp: /usr/bin/python3 (found version "3.6.9") 
-- Using single matching rosidl_typesupport_c: rosidl_typesupport_fastrtps_c
-- Using single matching rosidl_typesupport_cpp: rosidl_typesupport_fastrtps_cpp
-- Found rmw_implementation_cmake: 0.8.1 (/opt/ros/eloquent/share/rmw_implementation_cmake/cmake)
-- Found PythonInterp: /usr/bin/python3 (found suitable version "3.6.9", minimum required is "3.5") 
-- Found python_cmake_module: 0.8.0 (/opt/ros/eloquent/share/python_cmake_module/cmake)
-- Found PythonLibs: /usr/lib/x86_64-linux-gnu/libpython3.6m.so (found suitable version "3.6.9", minimum required is "3.5") 
-- Using PYTHON_EXECUTABLE: /usr/bin/python3
-- Using PYTHON_INCLUDE_DIRS: /usr/include/python3.6m
-- Using PYTHON_LIBRARIES: /usr/lib/x86_64-linux-gnu/libpython3.6m.so
-- Found PythonExtra: .so  
-- Found ament_lint_auto: 0.8.1 (/opt/ros/eloquent/share/ament_lint_auto/cmake)
-- Added test 'lint_cmake' to check CMake code style
-- Added test 'xmllint' to check XML markup files
-- Configuring done
-- Generating done
-- Build files have been written to: /home/oleg/Documents/Github/IcicleSpy3/device/build/iciclespy_msg
[  2%] [34m[1mGenerating C code for ROS interfaces[0m
[35m[1mScanning dependencies of target iciclespy_msg__cpp[0m
[  5%] [34m[1mGenerating C++ code for ROS interfaces[0m
[  5%] Built target iciclespy_msg__cpp
[ 10%] [34m[1mGenerating C++ type support for eProsima Fast-RTPS[0m
[ 10%] [34m[1mGenerating C++ introspection for ROS interfaces[0m
[35m[1mScanning dependencies of target iciclespy_msg__rosidl_generator_c[0m
[ 16%] [32mBuilding C object CMakeFiles/iciclespy_msg__rosidl_generator_c.dir/rosidl_generator_c/iciclespy_msg/msg/image_msg_request__functions.c.o[0m
[ 16%] [32mBuilding C object CMakeFiles/iciclespy_msg__rosidl_generator_c.dir/rosidl_generator_c/iciclespy_msg/srv/image_msg_request__functions.c.o[0m
CMakeFiles/iciclespy_msg__rosidl_generator_c.dir/build.make:139: recipe for target 'CMakeFiles/iciclespy_msg__rosidl_generator_c.dir/rosidl_generator_c/iciclespy_msg/srv/image_msg_request__functions.c.o' failed
CMakeFiles/iciclespy_msg__rosidl_generator_c.dir/build.make:126: recipe for target 'CMakeFiles/iciclespy_msg__rosidl_generator_c.dir/rosidl_generator_c/iciclespy_msg/msg/image_msg_request__functions.c.o' failed
CMakeFiles/Makefile2:255: recipe for target 'CMakeFiles/iciclespy_msg__rosidl_generator_c.dir/all' failed
[35m[1mScanning dependencies of target iciclespy_msg__rosidl_typesupport_introspection_cpp[0m
[ 18%] [32mBuilding CXX object CMakeFiles/iciclespy_msg__rosidl_typesupport_introspection_cpp.dir/rosidl_typesupport_introspection_cpp/iciclespy_msg/msg/image_msg_request__type_support.cpp.o[0m
[ 21%] [32mBuilding CXX object CMakeFiles/iciclespy_msg__rosidl_typesupport_introspection_cpp.dir/rosidl_typesupport_introspection_cpp/iciclespy_msg/srv/image_msg_request__type_support.cpp.o[0m
[35m[1mScanning dependencies of target iciclespy_msg__rosidl_typesupport_fastrtps_cpp[0m
CMakeFiles/iciclespy_msg__rosidl_typesupport_introspection_cpp.dir/build.make:116: recipe for target 'CMakeFiles/iciclespy_msg__rosidl_typesupport_introspection_cpp.dir/rosidl_typesupport_introspection_cpp/iciclespy_msg/srv/image_msg_request__type_support.cpp.o' failed
CMakeFiles/iciclespy_msg__rosidl_typesupport_introspection_cpp.dir/build.make:103: recipe for target 'CMakeFiles/iciclespy_msg__rosidl_typesupport_introspection_cpp.dir/rosidl_typesupport_introspection_cpp/iciclespy_msg/msg/image_msg_request__type_support.cpp.o' failed
CMakeFiles/Makefile2:457: recipe for target 'CMakeFiles/iciclespy_msg__rosidl_typesupport_introspection_cpp.dir/all' failed
[ 27%] [32mBuilding CXX object CMakeFiles/iciclespy_msg__rosidl_typesupport_fastrtps_cpp.dir/rosidl_typesupport_fastrtps_cpp/iciclespy_msg/srv/dds_fastrtps/image_msg_request__type_support.cpp.o[0m
[ 27%] [32mBuilding CXX object CMakeFiles/iciclespy_msg__rosidl_typesupport_fastrtps_cpp.dir/rosidl_typesupport_fastrtps_cpp/iciclespy_msg/msg/dds_fastrtps/image_msg_request__type_support.cpp.o[0m
CMakeFiles/iciclespy_msg__rosidl_typesupport_fastrtps_cpp.dir/build.make:103: recipe for target 'CMakeFiles/iciclespy_msg__rosidl_typesupport_fastrtps_cpp.dir/rosidl_typesupport_fastrtps_cpp/iciclespy_msg/msg/dds_fastrtps/image_msg_request__type_support.cpp.o' failed
CMakeFiles/iciclespy_msg__rosidl_typesupport_fastrtps_cpp.dir/build.make:116: recipe for target 'CMakeFiles/iciclespy_msg__rosidl_typesupport_fastrtps_cpp.dir/rosidl_typesupport_fastrtps_cpp/iciclespy_msg/srv/dds_fastrtps/image_msg_request__type_support.cpp.o' failed
CMakeFiles/Makefile2:314: recipe for target 'CMakeFiles/iciclespy_msg__rosidl_typesupport_fastrtps_cpp.dir/all' failed
Makefile:159: recipe for target 'all' failed
