[0.159s] DEBUG:colcon:Command line arguments: ['/usr/bin/colcon', 'build']
[0.159s] DEBUG:colcon:Parsed command line arguments: Namespace(ament_cmake_args=None, base_paths=['.'], build_base='build', catkin_cmake_args=None, catkin_skip_building_tests=False, cmake_args=None, cmake_clean_cache=False, cmake_clean_first=False, cmake_force_configure=False, cmake_target=None, cmake_target_skip_unavailable=False, continue_on_error=False, event_handlers=None, executor='parallel', ignore_user_meta=False, install_base='install', log_base=None, log_level=None, main=<bound method BuildVerb.main of <colcon_core.verb.build.BuildVerb object at 0x7fa2a30b7dd8>>, merge_install=False, metas=['./colcon.meta'], packages_above=None, packages_above_and_dependencies=None, packages_above_depth=None, packages_end=None, packages_ignore=None, packages_ignore_regex=None, packages_select=None, packages_select_build_failed=False, packages_select_by_dep=None, packages_select_regex=None, packages_select_test_failures=False, packages_skip=None, packages_skip_build_finished=False, packages_skip_by_dep=None, packages_skip_regex=None, packages_skip_test_passed=False, packages_skip_up_to=None, packages_start=None, packages_up_to=None, packages_up_to_regex=None, parallel_workers=8, paths=None, symlink_install=False, test_result_base=None, verb_extension=<colcon_core.verb.build.BuildVerb object at 0x7fa2a30b7dd8>, verb_name='build', verb_parser=<colcon_defaults.argument_parser.defaults.DefaultArgumentsDecorator object at 0x7fa2a30c2400>)
[0.164s] Level 1:colcon.colcon_core.package_discovery:discover_packages(colcon_meta) check parameters
[0.164s] Level 1:colcon.colcon_core.package_discovery:discover_packages(recursive) check parameters
[0.164s] Level 1:colcon.colcon_core.package_discovery:discover_packages(ignore) check parameters
[0.164s] Level 1:colcon.colcon_core.package_discovery:discover_packages(path) check parameters
[0.164s] Level 1:colcon.colcon_core.package_discovery:discover_packages(colcon_meta) discover
[0.164s] Level 1:colcon.colcon_core.package_discovery:discover_packages(recursive) discover
[0.165s] INFO:colcon.colcon_core.package_discovery:Crawling recursively for packages in '/home/oleg/Documents/Github/IcicleSpy3/device'
[0.165s] Level 1:colcon.colcon_core.package_identification:_identify(.) by extensions ['ignore', 'ignore_ament_install']
[0.165s] Level 1:colcon.colcon_core.package_identification:_identify(.) by extension 'ignore'
[0.165s] Level 1:colcon.colcon_core.package_identification:_identify(.) by extension 'ignore_ament_install'
[0.165s] Level 1:colcon.colcon_core.package_identification:_identify(.) by extensions ['colcon_pkg']
[0.165s] Level 1:colcon.colcon_core.package_identification:_identify(.) by extension 'colcon_pkg'
[0.165s] Level 1:colcon.colcon_core.package_identification:_identify(.) by extensions ['colcon_meta']
[0.165s] Level 1:colcon.colcon_core.package_identification:_identify(.) by extension 'colcon_meta'
[0.165s] Level 1:colcon.colcon_core.package_identification:_identify(.) by extensions ['ros']
[0.165s] Level 1:colcon.colcon_core.package_identification:_identify(.) by extension 'ros'
[0.175s] Level 1:colcon.colcon_core.package_identification:_identify(.) by extensions ['cmake', 'python']
[0.175s] Level 1:colcon.colcon_core.package_identification:_identify(.) by extension 'cmake'
[0.175s] Level 1:colcon.colcon_core.package_identification:_identify(.) by extension 'python'
[0.175s] Level 1:colcon.colcon_core.package_identification:_identify(.) by extensions ['python_setup_py']
[0.175s] Level 1:colcon.colcon_core.package_identification:_identify(.) by extension 'python_setup_py'
[0.175s] Level 1:colcon.colcon_core.package_identification:_identify(build) by extensions ['ignore', 'ignore_ament_install']
[0.175s] Level 1:colcon.colcon_core.package_identification:_identify(build) by extension 'ignore'
[0.175s] Level 1:colcon.colcon_core.package_identification:_identify(build) ignored
[0.175s] Level 1:colcon.colcon_core.package_identification:_identify(install) by extensions ['ignore', 'ignore_ament_install']
[0.176s] Level 1:colcon.colcon_core.package_identification:_identify(install) by extension 'ignore'
[0.176s] Level 1:colcon.colcon_core.package_identification:_identify(install) ignored
[0.176s] Level 1:colcon.colcon_core.package_identification:_identify(log) by extensions ['ignore', 'ignore_ament_install']
[0.176s] Level 1:colcon.colcon_core.package_identification:_identify(log) by extension 'ignore'
[0.176s] Level 1:colcon.colcon_core.package_identification:_identify(log) ignored
[0.176s] Level 1:colcon.colcon_core.package_identification:_identify(src) by extensions ['ignore', 'ignore_ament_install']
[0.176s] Level 1:colcon.colcon_core.package_identification:_identify(src) by extension 'ignore'
[0.176s] Level 1:colcon.colcon_core.package_identification:_identify(src) by extension 'ignore_ament_install'
[0.176s] Level 1:colcon.colcon_core.package_identification:_identify(src) by extensions ['colcon_pkg']
[0.176s] Level 1:colcon.colcon_core.package_identification:_identify(src) by extension 'colcon_pkg'
[0.176s] Level 1:colcon.colcon_core.package_identification:_identify(src) by extensions ['colcon_meta']
[0.176s] Level 1:colcon.colcon_core.package_identification:_identify(src) by extension 'colcon_meta'
[0.176s] Level 1:colcon.colcon_core.package_identification:_identify(src) by extensions ['ros']
[0.176s] Level 1:colcon.colcon_core.package_identification:_identify(src) by extension 'ros'
[0.176s] Level 1:colcon.colcon_core.package_identification:_identify(src) by extensions ['cmake', 'python']
[0.176s] Level 1:colcon.colcon_core.package_identification:_identify(src) by extension 'cmake'
[0.176s] Level 1:colcon.colcon_core.package_identification:_identify(src) by extension 'python'
[0.176s] Level 1:colcon.colcon_core.package_identification:_identify(src) by extensions ['python_setup_py']
[0.177s] Level 1:colcon.colcon_core.package_identification:_identify(src) by extension 'python_setup_py'
[0.177s] Level 1:colcon.colcon_core.package_identification:_identify(src/iciclespy_msg) by extensions ['ignore', 'ignore_ament_install']
[0.177s] Level 1:colcon.colcon_core.package_identification:_identify(src/iciclespy_msg) by extension 'ignore'
[0.177s] Level 1:colcon.colcon_core.package_identification:_identify(src/iciclespy_msg) by extension 'ignore_ament_install'
[0.177s] Level 1:colcon.colcon_core.package_identification:_identify(src/iciclespy_msg) by extensions ['colcon_pkg']
[0.177s] Level 1:colcon.colcon_core.package_identification:_identify(src/iciclespy_msg) by extension 'colcon_pkg'
[0.177s] Level 1:colcon.colcon_core.package_identification:_identify(src/iciclespy_msg) by extensions ['colcon_meta']
[0.177s] Level 1:colcon.colcon_core.package_identification:_identify(src/iciclespy_msg) by extension 'colcon_meta'
[0.177s] Level 1:colcon.colcon_core.package_identification:_identify(src/iciclespy_msg) by extensions ['ros']
[0.177s] Level 1:colcon.colcon_core.package_identification:_identify(src/iciclespy_msg) by extension 'ros'
[0.179s] DEBUG:colcon.colcon_core.package_identification:Package 'src/iciclespy_msg' with type 'ros.ament_cmake' and name 'iciclespy_msg'
[0.179s] Level 1:colcon.colcon_core.package_identification:_identify(src/iciclespy_web_cam) by extensions ['ignore', 'ignore_ament_install']
[0.179s] Level 1:colcon.colcon_core.package_identification:_identify(src/iciclespy_web_cam) by extension 'ignore'
[0.179s] Level 1:colcon.colcon_core.package_identification:_identify(src/iciclespy_web_cam) by extension 'ignore_ament_install'
[0.179s] Level 1:colcon.colcon_core.package_identification:_identify(src/iciclespy_web_cam) by extensions ['colcon_pkg']
[0.179s] Level 1:colcon.colcon_core.package_identification:_identify(src/iciclespy_web_cam) by extension 'colcon_pkg'
[0.179s] Level 1:colcon.colcon_core.package_identification:_identify(src/iciclespy_web_cam) by extensions ['colcon_meta']
[0.179s] Level 1:colcon.colcon_core.package_identification:_identify(src/iciclespy_web_cam) by extension 'colcon_meta'
[0.179s] Level 1:colcon.colcon_core.package_identification:_identify(src/iciclespy_web_cam) by extensions ['ros']
[0.179s] Level 1:colcon.colcon_core.package_identification:_identify(src/iciclespy_web_cam) by extension 'ros'
[0.180s] DEBUG:colcon.colcon_core.package_identification:Package 'src/iciclespy_web_cam' with type 'ros.ament_python' and name 'iciclespy_web_cam'
[0.180s] Level 1:colcon.colcon_core.package_discovery:discover_packages(recursive) using defaults
[0.180s] Level 1:colcon.colcon_core.package_discovery:discover_packages(ignore) discover
[0.180s] Level 1:colcon.colcon_core.package_discovery:discover_packages(ignore) using defaults
[0.180s] Level 1:colcon.colcon_core.package_discovery:discover_packages(path) discover
[0.180s] Level 1:colcon.colcon_core.package_discovery:discover_packages(path) using defaults
[0.201s] Level 5:colcon.colcon_core.verb:set package 'iciclespy_msg' build argument 'cmake_args' from command line to 'None'
[0.201s] Level 5:colcon.colcon_core.verb:set package 'iciclespy_msg' build argument 'cmake_target' from command line to 'None'
[0.201s] Level 5:colcon.colcon_core.verb:set package 'iciclespy_msg' build argument 'cmake_target_skip_unavailable' from command line to 'False'
[0.201s] Level 5:colcon.colcon_core.verb:set package 'iciclespy_msg' build argument 'cmake_clean_cache' from command line to 'False'
[0.201s] Level 5:colcon.colcon_core.verb:set package 'iciclespy_msg' build argument 'cmake_clean_first' from command line to 'False'
[0.201s] Level 5:colcon.colcon_core.verb:set package 'iciclespy_msg' build argument 'cmake_force_configure' from command line to 'False'
[0.201s] Level 5:colcon.colcon_core.verb:set package 'iciclespy_msg' build argument 'ament_cmake_args' from command line to 'None'
[0.201s] Level 5:colcon.colcon_core.verb:set package 'iciclespy_msg' build argument 'catkin_cmake_args' from command line to 'None'
[0.201s] Level 5:colcon.colcon_core.verb:set package 'iciclespy_msg' build argument 'catkin_skip_building_tests' from command line to 'False'
[0.201s] DEBUG:colcon.colcon_core.verb:Building package 'iciclespy_msg' with the following arguments: {'ament_cmake_args': None, 'build_base': '/home/oleg/Documents/Github/IcicleSpy3/device/build/iciclespy_msg', 'catkin_cmake_args': None, 'catkin_skip_building_tests': False, 'cmake_args': None, 'cmake_clean_cache': False, 'cmake_clean_first': False, 'cmake_force_configure': False, 'cmake_target': None, 'cmake_target_skip_unavailable': False, 'install_base': '/home/oleg/Documents/Github/IcicleSpy3/device/install/iciclespy_msg', 'merge_install': False, 'path': '/home/oleg/Documents/Github/IcicleSpy3/device/src/iciclespy_msg', 'symlink_install': False, 'test_result_base': None}
[0.204s] Level 5:colcon.colcon_core.verb:set package 'iciclespy_web_cam' build argument 'cmake_args' from command line to 'None'
[0.204s] Level 5:colcon.colcon_core.verb:set package 'iciclespy_web_cam' build argument 'cmake_target' from command line to 'None'
[0.204s] Level 5:colcon.colcon_core.verb:set package 'iciclespy_web_cam' build argument 'cmake_target_skip_unavailable' from command line to 'False'
[0.204s] Level 5:colcon.colcon_core.verb:set package 'iciclespy_web_cam' build argument 'cmake_clean_cache' from command line to 'False'
[0.204s] Level 5:colcon.colcon_core.verb:set package 'iciclespy_web_cam' build argument 'cmake_clean_first' from command line to 'False'
[0.204s] Level 5:colcon.colcon_core.verb:set package 'iciclespy_web_cam' build argument 'cmake_force_configure' from command line to 'False'
[0.205s] Level 5:colcon.colcon_core.verb:set package 'iciclespy_web_cam' build argument 'ament_cmake_args' from command line to 'None'
[0.205s] Level 5:colcon.colcon_core.verb:set package 'iciclespy_web_cam' build argument 'catkin_cmake_args' from command line to 'None'
[0.205s] Level 5:colcon.colcon_core.verb:set package 'iciclespy_web_cam' build argument 'catkin_skip_building_tests' from command line to 'False'
[0.205s] DEBUG:colcon.colcon_core.verb:Building package 'iciclespy_web_cam' with the following arguments: {'ament_cmake_args': None, 'build_base': '/home/oleg/Documents/Github/IcicleSpy3/device/build/iciclespy_web_cam', 'catkin_cmake_args': None, 'catkin_skip_building_tests': False, 'cmake_args': None, 'cmake_clean_cache': False, 'cmake_clean_first': False, 'cmake_force_configure': False, 'cmake_target': None, 'cmake_target_skip_unavailable': False, 'install_base': '/home/oleg/Documents/Github/IcicleSpy3/device/install/iciclespy_web_cam', 'merge_install': False, 'path': '/home/oleg/Documents/Github/IcicleSpy3/device/src/iciclespy_web_cam', 'symlink_install': False, 'test_result_base': None}
[0.205s] INFO:colcon.colcon_core.executor:Executing jobs using 'parallel' executor
[0.207s] DEBUG:colcon.colcon_parallel_executor.executor.parallel:run_until_complete
[0.207s] INFO:colcon.colcon_ros.task.ament_cmake.build:Building ROS package in '/home/oleg/Documents/Github/IcicleSpy3/device/src/iciclespy_msg' with build type 'ament_cmake'
[0.207s] INFO:colcon.colcon_cmake.task.cmake.build:Building CMake package in '/home/oleg/Documents/Github/IcicleSpy3/device/src/iciclespy_msg'
[0.211s] INFO:colcon.colcon_core.plugin_system:Skipping extension 'colcon_core.shell.bat': Not used on non-Windows systems
[0.211s] INFO:colcon.colcon_core.shell:Skip shell extension 'powershell' for command environment: Not usable outside of PowerShell
[0.211s] DEBUG:colcon.colcon_core.shell:Skip shell extension 'dsv' for command environment
[0.213s] DEBUG:colcon.colcon_core.shell:Ignoring prefix path '/opt/ros/eloquent'
[0.216s] INFO:colcon.colcon_ros.task.ament_python.build:Building ROS package in '/home/oleg/Documents/Github/IcicleSpy3/device/src/iciclespy_web_cam' with build type 'ament_python'
[0.216s] Level 1:colcon.colcon_core.shell:create_environment_hook('iciclespy_web_cam', 'ament_prefix_path')
[0.217s] INFO:colcon.colcon_core.shell:Creating environment hook '/home/oleg/Documents/Github/IcicleSpy3/device/install/iciclespy_web_cam/share/iciclespy_web_cam/hook/ament_prefix_path.ps1'
[0.218s] INFO:colcon.colcon_core.shell:Creating environment descriptor '/home/oleg/Documents/Github/IcicleSpy3/device/install/iciclespy_web_cam/share/iciclespy_web_cam/hook/ament_prefix_path.dsv'
[0.218s] INFO:colcon.colcon_core.shell:Creating environment hook '/home/oleg/Documents/Github/IcicleSpy3/device/install/iciclespy_web_cam/share/iciclespy_web_cam/hook/ament_prefix_path.sh'
[0.219s] INFO:colcon.colcon_core.shell:Skip shell extension 'powershell' for command environment: Not usable outside of PowerShell
[0.219s] DEBUG:colcon.colcon_core.shell:Skip shell extension 'dsv' for command environment
[0.230s] DEBUG:colcon.colcon_core.shell:Ignoring prefix path '/opt/ros/eloquent'
[0.239s] DEBUG:colcon.colcon_core.event_handler.log_command:Invoking command in '/home/oleg/Documents/Github/IcicleSpy3/device/build/iciclespy_msg': CMAKE_PREFIX_PATH=/opt/ros/eloquent /usr/local/bin/cmake --build /home/oleg/Documents/Github/IcicleSpy3/device/build/iciclespy_msg -- -j8 -l8
[0.481s] INFO:colcon.colcon_core.task.python.build:Building Python package in '/home/oleg/Documents/Github/IcicleSpy3/device/src/iciclespy_web_cam'
[0.482s] INFO:colcon.colcon_core.shell:Skip shell extension 'powershell' for command environment: Not usable outside of PowerShell
[0.482s] DEBUG:colcon.colcon_core.shell:Skip shell extension 'dsv' for command environment
[0.483s] DEBUG:colcon.colcon_core.shell:Ignoring prefix path '/opt/ros/eloquent'
[0.490s] DEBUG:colcon.colcon_core.event_handler.log_command:Invoking command in '/home/oleg/Documents/Github/IcicleSpy3/device/src/iciclespy_web_cam': PYTHONPATH=/home/oleg/Documents/Github/IcicleSpy3/device/install/iciclespy_web_cam/lib/python3.6/site-packages:${PYTHONPATH} /usr/bin/python3 setup.py egg_info --egg-base ../../build/iciclespy_web_cam build --build-base /home/oleg/Documents/Github/IcicleSpy3/device/build/iciclespy_web_cam/build install --prefix /home/oleg/Documents/Github/IcicleSpy3/device/install/iciclespy_web_cam --record /home/oleg/Documents/Github/IcicleSpy3/device/build/iciclespy_web_cam/install.log --single-version-externally-managed
[0.777s] DEBUG:colcon.colcon_core.event_handler.log_command:Invoked command in '/home/oleg/Documents/Github/IcicleSpy3/device/src/iciclespy_web_cam' returned '0': PYTHONPATH=/home/oleg/Documents/Github/IcicleSpy3/device/install/iciclespy_web_cam/lib/python3.6/site-packages:${PYTHONPATH} /usr/bin/python3 setup.py egg_info --egg-base ../../build/iciclespy_web_cam build --build-base /home/oleg/Documents/Github/IcicleSpy3/device/build/iciclespy_web_cam/build install --prefix /home/oleg/Documents/Github/IcicleSpy3/device/install/iciclespy_web_cam --record /home/oleg/Documents/Github/IcicleSpy3/device/build/iciclespy_web_cam/install.log --single-version-externally-managed
[0.781s] Level 1:colcon.colcon_core.environment:checking '/home/oleg/Documents/Github/IcicleSpy3/device/install/iciclespy_web_cam' for CMake module files
[0.782s] Level 1:colcon.colcon_core.environment:checking '/home/oleg/Documents/Github/IcicleSpy3/device/install/iciclespy_web_cam' for CMake config files
[0.783s] Level 1:colcon.colcon_core.environment:checking '/home/oleg/Documents/Github/IcicleSpy3/device/install/iciclespy_web_cam/lib'
[0.783s] Level 1:colcon.colcon_core.environment:checking '/home/oleg/Documents/Github/IcicleSpy3/device/install/iciclespy_web_cam/bin'
[0.783s] Level 1:colcon.colcon_core.environment:checking '/home/oleg/Documents/Github/IcicleSpy3/device/install/iciclespy_web_cam/lib/pkgconfig/iciclespy_web_cam.pc'
[0.784s] Level 1:colcon.colcon_core.environment:checking '/home/oleg/Documents/Github/IcicleSpy3/device/install/iciclespy_web_cam/lib/python3.6/site-packages'
[0.784s] Level 1:colcon.colcon_core.shell:create_environment_hook('iciclespy_web_cam', 'pythonpath')
[0.785s] INFO:colcon.colcon_core.shell:Creating environment hook '/home/oleg/Documents/Github/IcicleSpy3/device/install/iciclespy_web_cam/share/iciclespy_web_cam/hook/pythonpath.ps1'
[0.785s] INFO:colcon.colcon_core.shell:Creating environment descriptor '/home/oleg/Documents/Github/IcicleSpy3/device/install/iciclespy_web_cam/share/iciclespy_web_cam/hook/pythonpath.dsv'
[0.786s] INFO:colcon.colcon_core.shell:Creating environment hook '/home/oleg/Documents/Github/IcicleSpy3/device/install/iciclespy_web_cam/share/iciclespy_web_cam/hook/pythonpath.sh'
[0.786s] Level 1:colcon.colcon_core.environment:create_environment_scripts_only(iciclespy_web_cam)
[0.787s] INFO:colcon.colcon_core.shell:Creating package script '/home/oleg/Documents/Github/IcicleSpy3/device/install/iciclespy_web_cam/share/iciclespy_web_cam/package.ps1'
[0.788s] INFO:colcon.colcon_core.shell:Creating package descriptor '/home/oleg/Documents/Github/IcicleSpy3/device/install/iciclespy_web_cam/share/iciclespy_web_cam/package.dsv'
[0.789s] INFO:colcon.colcon_core.shell:Creating package script '/home/oleg/Documents/Github/IcicleSpy3/device/install/iciclespy_web_cam/share/iciclespy_web_cam/package.sh'
[0.790s] INFO:colcon.colcon_core.shell:Creating package script '/home/oleg/Documents/Github/IcicleSpy3/device/install/iciclespy_web_cam/share/iciclespy_web_cam/package.bash'
[0.791s] INFO:colcon.colcon_core.shell:Creating package script '/home/oleg/Documents/Github/IcicleSpy3/device/install/iciclespy_web_cam/share/iciclespy_web_cam/package.zsh'
[0.792s] Level 1:colcon.colcon_core.environment:create_file_with_runtime_dependencies(/home/oleg/Documents/Github/IcicleSpy3/device/install/iciclespy_web_cam/share/colcon-core/packages/iciclespy_web_cam)
[4.582s] DEBUG:colcon.colcon_core.event_handler.log_command:Invoked command in '/home/oleg/Documents/Github/IcicleSpy3/device/build/iciclespy_msg' returned '0': CMAKE_PREFIX_PATH=/opt/ros/eloquent /usr/local/bin/cmake --build /home/oleg/Documents/Github/IcicleSpy3/device/build/iciclespy_msg -- -j8 -l8
[4.640s] DEBUG:colcon.colcon_core.event_handler.log_command:Invoking command in '/home/oleg/Documents/Github/IcicleSpy3/device/build/iciclespy_msg': CMAKE_PREFIX_PATH=/opt/ros/eloquent /usr/local/bin/cmake --install /home/oleg/Documents/Github/IcicleSpy3/device/build/iciclespy_msg
[4.684s] Level 1:colcon.colcon_core.environment:create_environment_scripts_only(iciclespy_msg)
[4.686s] Level 1:colcon.colcon_core.environment:checking '/home/oleg/Documents/Github/IcicleSpy3/device/install/iciclespy_msg' for CMake module files
[4.686s] DEBUG:colcon.colcon_core.event_handler.log_command:Invoked command in '/home/oleg/Documents/Github/IcicleSpy3/device/build/iciclespy_msg' returned '0': CMAKE_PREFIX_PATH=/opt/ros/eloquent /usr/local/bin/cmake --install /home/oleg/Documents/Github/IcicleSpy3/device/build/iciclespy_msg
[4.687s] Level 1:colcon.colcon_core.environment:checking '/home/oleg/Documents/Github/IcicleSpy3/device/install/iciclespy_msg' for CMake config files
[4.687s] Level 1:colcon.colcon_core.shell:create_environment_hook('iciclespy_msg', 'cmake_prefix_path')
[4.688s] INFO:colcon.colcon_core.shell:Creating environment hook '/home/oleg/Documents/Github/IcicleSpy3/device/install/iciclespy_msg/share/iciclespy_msg/hook/cmake_prefix_path.ps1'
[4.688s] INFO:colcon.colcon_core.shell:Creating environment descriptor '/home/oleg/Documents/Github/IcicleSpy3/device/install/iciclespy_msg/share/iciclespy_msg/hook/cmake_prefix_path.dsv'
[4.688s] INFO:colcon.colcon_core.shell:Creating environment hook '/home/oleg/Documents/Github/IcicleSpy3/device/install/iciclespy_msg/share/iciclespy_msg/hook/cmake_prefix_path.sh'
[4.689s] Level 1:colcon.colcon_core.environment:checking '/home/oleg/Documents/Github/IcicleSpy3/device/install/iciclespy_msg/lib'
[4.689s] Level 1:colcon.colcon_core.shell:create_environment_hook('iciclespy_msg', 'ld_library_path_lib')
[4.690s] INFO:colcon.colcon_core.shell:Creating environment hook '/home/oleg/Documents/Github/IcicleSpy3/device/install/iciclespy_msg/share/iciclespy_msg/hook/ld_library_path_lib.ps1'
[4.690s] INFO:colcon.colcon_core.shell:Creating environment descriptor '/home/oleg/Documents/Github/IcicleSpy3/device/install/iciclespy_msg/share/iciclespy_msg/hook/ld_library_path_lib.dsv'
[4.690s] INFO:colcon.colcon_core.shell:Creating environment hook '/home/oleg/Documents/Github/IcicleSpy3/device/install/iciclespy_msg/share/iciclespy_msg/hook/ld_library_path_lib.sh'
[4.690s] Level 1:colcon.colcon_core.environment:checking '/home/oleg/Documents/Github/IcicleSpy3/device/install/iciclespy_msg/bin'
[4.690s] Level 1:colcon.colcon_core.environment:checking '/home/oleg/Documents/Github/IcicleSpy3/device/install/iciclespy_msg/lib/pkgconfig/iciclespy_msg.pc'
[4.691s] Level 1:colcon.colcon_core.environment:checking '/home/oleg/Documents/Github/IcicleSpy3/device/install/iciclespy_msg/lib/python3.6/site-packages'
[4.691s] Level 1:colcon.colcon_core.shell:create_environment_hook('iciclespy_msg', 'pythonpath')
[4.691s] INFO:colcon.colcon_core.shell:Creating environment hook '/home/oleg/Documents/Github/IcicleSpy3/device/install/iciclespy_msg/share/iciclespy_msg/hook/pythonpath.ps1'
[4.691s] INFO:colcon.colcon_core.shell:Creating environment descriptor '/home/oleg/Documents/Github/IcicleSpy3/device/install/iciclespy_msg/share/iciclespy_msg/hook/pythonpath.dsv'
[4.692s] INFO:colcon.colcon_core.shell:Creating environment hook '/home/oleg/Documents/Github/IcicleSpy3/device/install/iciclespy_msg/share/iciclespy_msg/hook/pythonpath.sh'
[4.693s] INFO:colcon.colcon_core.shell:Creating package script '/home/oleg/Documents/Github/IcicleSpy3/device/install/iciclespy_msg/share/iciclespy_msg/package.ps1'
[4.693s] INFO:colcon.colcon_core.shell:Creating package descriptor '/home/oleg/Documents/Github/IcicleSpy3/device/install/iciclespy_msg/share/iciclespy_msg/package.dsv'
[4.693s] INFO:colcon.colcon_core.shell:Creating package script '/home/oleg/Documents/Github/IcicleSpy3/device/install/iciclespy_msg/share/iciclespy_msg/package.sh'
[4.694s] INFO:colcon.colcon_core.shell:Creating package script '/home/oleg/Documents/Github/IcicleSpy3/device/install/iciclespy_msg/share/iciclespy_msg/package.bash'
[4.694s] INFO:colcon.colcon_core.shell:Creating package script '/home/oleg/Documents/Github/IcicleSpy3/device/install/iciclespy_msg/share/iciclespy_msg/package.zsh'
[4.694s] Level 1:colcon.colcon_core.environment:create_file_with_runtime_dependencies(/home/oleg/Documents/Github/IcicleSpy3/device/install/iciclespy_msg/share/colcon-core/packages/iciclespy_msg)
[4.749s] Level 1:colcon.colcon_core.environment:create_environment_scripts_only(iciclespy_msg)
[4.750s] Level 1:colcon.colcon_core.environment:checking '/home/oleg/Documents/Github/IcicleSpy3/device/install/iciclespy_msg' for CMake module files
[4.751s] Level 1:colcon.colcon_core.environment:checking '/home/oleg/Documents/Github/IcicleSpy3/device/install/iciclespy_msg' for CMake config files
[4.751s] Level 1:colcon.colcon_core.shell:create_environment_hook('iciclespy_msg', 'cmake_prefix_path')
[4.752s] INFO:colcon.colcon_core.shell:Creating environment hook '/home/oleg/Documents/Github/IcicleSpy3/device/install/iciclespy_msg/share/iciclespy_msg/hook/cmake_prefix_path.ps1'
[4.752s] INFO:colcon.colcon_core.shell:Creating environment descriptor '/home/oleg/Documents/Github/IcicleSpy3/device/install/iciclespy_msg/share/iciclespy_msg/hook/cmake_prefix_path.dsv'
[4.752s] INFO:colcon.colcon_core.shell:Creating environment hook '/home/oleg/Documents/Github/IcicleSpy3/device/install/iciclespy_msg/share/iciclespy_msg/hook/cmake_prefix_path.sh'
[4.753s] Level 1:colcon.colcon_core.environment:checking '/home/oleg/Documents/Github/IcicleSpy3/device/install/iciclespy_msg/lib'
[4.753s] Level 1:colcon.colcon_core.shell:create_environment_hook('iciclespy_msg', 'ld_library_path_lib')
[4.754s] INFO:colcon.colcon_core.shell:Creating environment hook '/home/oleg/Documents/Github/IcicleSpy3/device/install/iciclespy_msg/share/iciclespy_msg/hook/ld_library_path_lib.ps1'
[4.754s] INFO:colcon.colcon_core.shell:Creating environment descriptor '/home/oleg/Documents/Github/IcicleSpy3/device/install/iciclespy_msg/share/iciclespy_msg/hook/ld_library_path_lib.dsv'
[4.754s] INFO:colcon.colcon_core.shell:Creating environment hook '/home/oleg/Documents/Github/IcicleSpy3/device/install/iciclespy_msg/share/iciclespy_msg/hook/ld_library_path_lib.sh'
[4.755s] Level 1:colcon.colcon_core.environment:checking '/home/oleg/Documents/Github/IcicleSpy3/device/install/iciclespy_msg/bin'
[4.755s] Level 1:colcon.colcon_core.environment:checking '/home/oleg/Documents/Github/IcicleSpy3/device/install/iciclespy_msg/lib/pkgconfig/iciclespy_msg.pc'
[4.755s] Level 1:colcon.colcon_core.environment:checking '/home/oleg/Documents/Github/IcicleSpy3/device/install/iciclespy_msg/lib/python3.6/site-packages'
[4.755s] Level 1:colcon.colcon_core.shell:create_environment_hook('iciclespy_msg', 'pythonpath')
[4.755s] INFO:colcon.colcon_core.shell:Creating environment hook '/home/oleg/Documents/Github/IcicleSpy3/device/install/iciclespy_msg/share/iciclespy_msg/hook/pythonpath.ps1'
[4.756s] INFO:colcon.colcon_core.shell:Creating environment descriptor '/home/oleg/Documents/Github/IcicleSpy3/device/install/iciclespy_msg/share/iciclespy_msg/hook/pythonpath.dsv'
[4.756s] INFO:colcon.colcon_core.shell:Creating environment hook '/home/oleg/Documents/Github/IcicleSpy3/device/install/iciclespy_msg/share/iciclespy_msg/hook/pythonpath.sh'
[4.757s] INFO:colcon.colcon_core.shell:Creating package script '/home/oleg/Documents/Github/IcicleSpy3/device/install/iciclespy_msg/share/iciclespy_msg/package.ps1'
[4.757s] INFO:colcon.colcon_core.shell:Creating package descriptor '/home/oleg/Documents/Github/IcicleSpy3/device/install/iciclespy_msg/share/iciclespy_msg/package.dsv'
[4.758s] INFO:colcon.colcon_core.shell:Creating package script '/home/oleg/Documents/Github/IcicleSpy3/device/install/iciclespy_msg/share/iciclespy_msg/package.sh'
[4.758s] INFO:colcon.colcon_core.shell:Creating package script '/home/oleg/Documents/Github/IcicleSpy3/device/install/iciclespy_msg/share/iciclespy_msg/package.bash'
[4.758s] INFO:colcon.colcon_core.shell:Creating package script '/home/oleg/Documents/Github/IcicleSpy3/device/install/iciclespy_msg/share/iciclespy_msg/package.zsh'
[4.759s] Level 1:colcon.colcon_core.environment:create_file_with_runtime_dependencies(/home/oleg/Documents/Github/IcicleSpy3/device/install/iciclespy_msg/share/colcon-core/packages/iciclespy_msg)
[4.759s] DEBUG:colcon.colcon_parallel_executor.executor.parallel:closing loop
[4.759s] DEBUG:colcon.colcon_parallel_executor.executor.parallel:loop closed
[4.760s] DEBUG:colcon.colcon_parallel_executor.executor.parallel:run_until_complete finished with '0'
[4.760s] DEBUG:colcon.colcon_core.event_reactor:joining thread
[4.765s] INFO:colcon.colcon_core.plugin_system:Skipping extension 'colcon_notification.desktop_notification.terminal_notifier': Not used on non-Darwin systems
[4.765s] INFO:colcon.colcon_core.plugin_system:Skipping extension 'colcon_notification.desktop_notification.win32': Not used on non-Windows systems
[4.765s] INFO:colcon.colcon_notification.desktop_notification:Sending desktop notification using 'notify2'
[4.767s] DEBUG:colcon.colcon_core.event_reactor:joined thread
[4.768s] INFO:colcon.colcon_core.shell:Creating prefix script '/home/oleg/Documents/Github/IcicleSpy3/device/install/local_setup.ps1'
[4.769s] INFO:colcon.colcon_core.shell:Creating prefix util module '/home/oleg/Documents/Github/IcicleSpy3/device/install/_local_setup_util_ps1.py'
[4.770s] INFO:colcon.colcon_core.shell:Creating prefix chain script '/home/oleg/Documents/Github/IcicleSpy3/device/install/setup.ps1'
[4.773s] INFO:colcon.colcon_core.shell:Creating prefix script '/home/oleg/Documents/Github/IcicleSpy3/device/install/local_setup.sh'
[4.773s] INFO:colcon.colcon_core.shell:Creating prefix util module '/home/oleg/Documents/Github/IcicleSpy3/device/install/_local_setup_util_sh.py'
[4.774s] INFO:colcon.colcon_core.shell:Creating prefix chain script '/home/oleg/Documents/Github/IcicleSpy3/device/install/setup.sh'
[4.776s] INFO:colcon.colcon_core.shell:Creating prefix script '/home/oleg/Documents/Github/IcicleSpy3/device/install/local_setup.bash'
[4.776s] INFO:colcon.colcon_core.shell:Creating prefix chain script '/home/oleg/Documents/Github/IcicleSpy3/device/install/setup.bash'
[4.778s] INFO:colcon.colcon_core.shell:Creating prefix script '/home/oleg/Documents/Github/IcicleSpy3/device/install/local_setup.zsh'
[4.779s] INFO:colcon.colcon_core.shell:Creating prefix chain script '/home/oleg/Documents/Github/IcicleSpy3/device/install/setup.zsh'
