[0.293s] Invoking command in '/home/oleg/Documents/Github/IcicleSpy3/device/src/iciclespy_web_cam': PYTHONPATH=/home/oleg/Documents/Github/IcicleSpy3/device/install/iciclespy_web_cam/lib/python3.6/site-packages:${PYTHONPATH} /usr/bin/python3 setup.py egg_info --egg-base ../../build/iciclespy_web_cam build --build-base /home/oleg/Documents/Github/IcicleSpy3/device/build/iciclespy_web_cam/build install --prefix /home/oleg/Documents/Github/IcicleSpy3/device/install/iciclespy_web_cam --record /home/oleg/Documents/Github/IcicleSpy3/device/build/iciclespy_web_cam/install.log --single-version-externally-managed
[0.518s] running egg_info
[0.519s] creating ../../build/iciclespy_web_cam/iciclespy_web_cam.egg-info
[0.519s] writing ../../build/iciclespy_web_cam/iciclespy_web_cam.egg-info/PKG-INFO
[0.519s] writing dependency_links to ../../build/iciclespy_web_cam/iciclespy_web_cam.egg-info/dependency_links.txt
[0.519s] writing entry points to ../../build/iciclespy_web_cam/iciclespy_web_cam.egg-info/entry_points.txt
[0.520s] writing requirements to ../../build/iciclespy_web_cam/iciclespy_web_cam.egg-info/requires.txt
[0.520s] writing top-level names to ../../build/iciclespy_web_cam/iciclespy_web_cam.egg-info/top_level.txt
[0.520s] writing manifest file '../../build/iciclespy_web_cam/iciclespy_web_cam.egg-info/SOURCES.txt'
[0.546s] reading manifest file '../../build/iciclespy_web_cam/iciclespy_web_cam.egg-info/SOURCES.txt'
[0.547s] writing manifest file '../../build/iciclespy_web_cam/iciclespy_web_cam.egg-info/SOURCES.txt'
[0.547s] running build
[0.547s] running build_py
[0.548s] creating /home/oleg/Documents/Github/IcicleSpy3/device/build/iciclespy_web_cam/build
[0.548s] creating /home/oleg/Documents/Github/IcicleSpy3/device/build/iciclespy_web_cam/build/lib
[0.548s] creating /home/oleg/Documents/Github/IcicleSpy3/device/build/iciclespy_web_cam/build/lib/iciclespy_web_cam
[0.548s] copying iciclespy_web_cam/__init__.py -> /home/oleg/Documents/Github/IcicleSpy3/device/build/iciclespy_web_cam/build/lib/iciclespy_web_cam
[0.548s] running install
[0.548s] running install_lib
[0.548s] creating /home/oleg/Documents/Github/IcicleSpy3/device/install/iciclespy_web_cam/lib/python3.6/site-packages/iciclespy_web_cam
[0.548s] copying /home/oleg/Documents/Github/IcicleSpy3/device/build/iciclespy_web_cam/build/lib/iciclespy_web_cam/__init__.py -> /home/oleg/Documents/Github/IcicleSpy3/device/install/iciclespy_web_cam/lib/python3.6/site-packages/iciclespy_web_cam
[0.549s] byte-compiling /home/oleg/Documents/Github/IcicleSpy3/device/install/iciclespy_web_cam/lib/python3.6/site-packages/iciclespy_web_cam/__init__.py to __init__.cpython-36.pyc
[0.549s] running install_data
[0.549s] creating /home/oleg/Documents/Github/IcicleSpy3/device/install/iciclespy_web_cam/share/ament_index
[0.550s] creating /home/oleg/Documents/Github/IcicleSpy3/device/install/iciclespy_web_cam/share/ament_index/resource_index
[0.550s] creating /home/oleg/Documents/Github/IcicleSpy3/device/install/iciclespy_web_cam/share/ament_index/resource_index/packages
[0.550s] copying resource/iciclespy_web_cam -> /home/oleg/Documents/Github/IcicleSpy3/device/install/iciclespy_web_cam/share/ament_index/resource_index/packages
[0.550s] copying package.xml -> /home/oleg/Documents/Github/IcicleSpy3/device/install/iciclespy_web_cam/share/iciclespy_web_cam
[0.550s] running install_egg_info
[0.551s] Copying ../../build/iciclespy_web_cam/iciclespy_web_cam.egg-info to /home/oleg/Documents/Github/IcicleSpy3/device/install/iciclespy_web_cam/lib/python3.6/site-packages/iciclespy_web_cam-0.0.0-py3.6.egg-info
[0.552s] running install_scripts
[0.566s] writing list of installed files to '/home/oleg/Documents/Github/IcicleSpy3/device/build/iciclespy_web_cam/install.log'
[0.582s] Invoked command in '/home/oleg/Documents/Github/IcicleSpy3/device/src/iciclespy_web_cam' returned '0': PYTHONPATH=/home/oleg/Documents/Github/IcicleSpy3/device/install/iciclespy_web_cam/lib/python3.6/site-packages:${PYTHONPATH} /usr/bin/python3 setup.py egg_info --egg-base ../../build/iciclespy_web_cam build --build-base /home/oleg/Documents/Github/IcicleSpy3/device/build/iciclespy_web_cam/build install --prefix /home/oleg/Documents/Github/IcicleSpy3/device/install/iciclespy_web_cam --record /home/oleg/Documents/Github/IcicleSpy3/device/build/iciclespy_web_cam/install.log --single-version-externally-managed
