[0.029s] Invoking command in '/home/oleg/Documents/Github/IcicleSpy3/device/build/iciclespy_msg': CMAKE_PREFIX_PATH=/opt/ros/eloquent /usr/local/bin/cmake /home/oleg/Documents/Github/IcicleSpy3/device/src/iciclespy_msg -DCMAKE_INSTALL_PREFIX=/home/oleg/Documents/Github/IcicleSpy3/device/install/iciclespy_msg
[0.296s] -- The C compiler identification is GNU 7.5.0
[0.296s] -- The CXX compiler identification is GNU 7.5.0
[0.297s] -- Detecting C compiler ABI info
[0.297s] -- Detecting C compiler ABI info - done
[0.298s] -- Check for working C compiler: /usr/bin/cc - skipped
[0.298s] -- Detecting C compile features
[0.298s] -- Detecting C compile features - done
[0.299s] -- Detecting CXX compiler ABI info
[0.299s] -- Detecting CXX compiler ABI info - done
[0.300s] -- Check for working CXX compiler: /usr/bin/c++ - skipped
[0.300s] -- Detecting CXX compile features
[0.302s] -- Detecting CXX compile features - done
[0.302s] -- Found ament_cmake: 0.8.2 (/opt/ros/eloquent/share/ament_cmake/cmake)
[0.302s] -- Found PythonInterp: /usr/bin/python3 (found suitable version "3.6.9", minimum required is "3") 
[0.302s] -- Using PYTHON_EXECUTABLE: /usr/bin/python3
[0.463s] -- Found std_msgs: 0.8.1 (/opt/ros/eloquent/share/std_msgs/cmake)
[0.473s] -- Found rosidl_adapter: 0.8.2 (/opt/ros/eloquent/share/rosidl_adapter/cmake)
[0.500s] -- Found rosidl_default_generators: 0.8.0 (/opt/ros/eloquent/share/rosidl_default_generators/cmake)
[0.556s] -- Found OpenSSL: /usr/lib/x86_64-linux-gnu/libcrypto.so (found version "1.1.1")  
[0.571s] -- Found FastRTPS: /opt/ros/eloquent/include  
[0.616s] CMake Error at /opt/ros/eloquent/share/rosidl_cmake/cmake/rosidl_generate_interfaces.cmake:93 (message):
[0.616s]   rosidl_generate_interfaces() the passed file 'msg/Req.msg' doesn't exist
[0.616s]   relative to the CMAKE_CURRENT_SOURCE_DIR
[0.616s]   '/home/oleg/Documents/Github/IcicleSpy3/device/src/iciclespy_msg'
[0.616s] Call Stack (most recent call first):
[0.616s]   CMakeLists.txt:26 (rosidl_generate_interfaces)
[0.616s] 
[0.616s] 
[0.616s] -- Configuring incomplete, errors occurred!
[0.616s] See also "/home/oleg/Documents/Github/IcicleSpy3/device/build/iciclespy_msg/CMakeFiles/CMakeOutput.log".
[0.620s] Invoked command in '/home/oleg/Documents/Github/IcicleSpy3/device/build/iciclespy_msg' returned '1': CMAKE_PREFIX_PATH=/opt/ros/eloquent /usr/local/bin/cmake /home/oleg/Documents/Github/IcicleSpy3/device/src/iciclespy_msg -DCMAKE_INSTALL_PREFIX=/home/oleg/Documents/Github/IcicleSpy3/device/install/iciclespy_msg
